{"message":"\t::1 - - [31/Mar/2021:04:54:08 +0000] \"GET /quiz/name HTTP/1.1\" 200 129 \"-\" \"PostmanRuntime/7.26.10\"\n","level":"info","timestamp":"Mar-31-2021 10:24:08"}
{"message":"\t::1 - - [31/Mar/2021:05:52:20 +0000] \"POST /user/quizAnswer/6062ee903bb6c0044caea00c/6062f77dd8df533268f0ba93 HTTP/1.1\" 200 2483 \"-\" \"PostmanRuntime/7.26.10\"\n","level":"info","timestamp":"Mar-31-2021 11:22:20"}
{"message":"\t::1 - - [31/Mar/2021:05:54:33 +0000] \"POST /user/quizAnswer/6062ee903bb6c0044caea00c/6062f77dd8df533268f0ba93 HTTP/1.1\" 400 126 \"-\" \"PostmanRuntime/7.26.10\"\n","level":"info","timestamp":"Mar-31-2021 11:24:33"}
{"message":"\t::1 - - [31/Mar/2021:05:55:09 +0000] \"POST /user/quizAnswer/6062ee903bb6c0044caea00c/6062f77dd8df533268f0ba93 HTTP/1.1\" 200 4292 \"-\" \"PostmanRuntime/7.26.10\"\n","level":"info","timestamp":"Mar-31-2021 11:25:09"}
{"message":"\t::1 - - [31/Mar/2021:06:11:22 +0000] \"POST /user/quizAnswer/6062ee903bb6c0044caea00c/6062f77dd8df533268f0ba93 HTTP/1.1\" 400 74 \"-\" \"PostmanRuntime/7.26.10\"\n","level":"info","timestamp":"Mar-31-2021 11:41:22"}
{"message":"\t::1 - - [31/Mar/2021:06:11:44 +0000] \"POST /user/quizAnswer/6062ee903bb6c0044caea00c/6062f77dd8df533268f0ba93 HTTP/1.1\" 400 81 \"-\" \"PostmanRuntime/7.26.10\"\n","level":"info","timestamp":"Mar-31-2021 11:41:44"}
{"message":"\t::1 - - [31/Mar/2021:06:13:07 +0000] \"POST /user/quizAnswer/6062ee903bb6c0044caea00c/6062f77dd8df533268f0ba93 HTTP/1.1\" 400 81 \"-\" \"PostmanRuntime/7.26.10\"\n","level":"info","timestamp":"Mar-31-2021 11:43:07"}
{"message":"\t::1 - - [31/Mar/2021:06:21:39 +0000] \"POST /user/quizAnswer/6062ee903bb6c0044caea00c/6062f77dd8df533268f0ba93 HTTP/1.1\" 400 132 \"-\" \"PostmanRuntime/7.26.10\"\n","level":"info","timestamp":"Mar-31-2021 11:51:39"}
{"message":"\t::1 - - [31/Mar/2021:06:24:35 +0000] \"POST /user/quizAnswer/6062ee903bb6c0044caea00c/6062f77dd8df533268f0ba93 HTTP/1.1\" 200 5207 \"-\" \"PostmanRuntime/7.26.10\"\n","level":"info","timestamp":"Mar-31-2021 11:54:35"}
{"message":"\t::1 - - [31/Mar/2021:06:30:52 +0000] \"POST /user/quizAnswer/6062ee903bb6c0044caea00c/6062f77dd8df533268f0ba93 HTTP/1.1\" 200 2813 \"-\" \"PostmanRuntime/7.26.10\"\n","level":"info","timestamp":"Mar-31-2021 12:00:52"}
{"message":"\t::1 - - [31/Mar/2021:06:32:37 +0000] \"POST /user/quizAnswer/6062ee903bb6c0044caea00c/6062f77dd8df533268f0ba93 HTTP/1.1\" 200 1653 \"-\" \"PostmanRuntime/7.26.10\"\n","level":"info","timestamp":"Mar-31-2021 12:02:37"}
{"message":"\t::1 - - [31/Mar/2021:06:32:57 +0000] \"POST /user/quizAnswer/6062ee903bb6c0044caea00c/6062f77dd8df533268f0ba93 HTTP/1.1\" 200 3619 \"-\" \"PostmanRuntime/7.26.10\"\n","level":"info","timestamp":"Mar-31-2021 12:02:57"}
{"message":"\t::1 - - [31/Mar/2021:06:36:13 +0000] \"POST /user/quizAnswer/6062ee903bb6c0044caea00c/6062f77dd8df533268f0ba93 HTTP/1.1\" 200 660 \"-\" \"PostmanRuntime/7.26.10\"\n","level":"info","timestamp":"Mar-31-2021 12:06:13"}
{"message":"\t::1 - - [31/Mar/2021:06:36:56 +0000] \"GET /user/quizAnswer/6062ee903bb6c0044caea00c/6062f77dd8df533268f0ba93 HTTP/1.1\" 200 28 \"-\" \"PostmanRuntime/7.26.10\"\n","level":"info","timestamp":"Mar-31-2021 12:06:56"}
{"message":"\t::1 - - [31/Mar/2021:06:40:18 +0000] \"GET /user/quizAnswer/6062ee903bb6c0044caea00c/6062f77dd8df533268f0ba93 HTTP/1.1\" 200 1823 \"-\" \"PostmanRuntime/7.26.10\"\n","level":"info","timestamp":"Mar-31-2021 12:10:18"}
{"message":"\t::1 - - [31/Mar/2021:06:40:40 +0000] \"GET /user/quizAnswer/6062ee903bb6c0044caea00c/6062f77dd8df533268f0ba93 HTTP/1.1\" 400 134 \"-\" \"PostmanRuntime/7.26.10\"\n","level":"info","timestamp":"Mar-31-2021 12:10:40"}
{"message":"\t::1 - - [31/Mar/2021:06:42:04 +0000] \"GET /user/quizAnswer/6062ee903bb6c0044caea00c/6062f77dd8df533268f0ba93 HTTP/1.1\" 200 1823 \"-\" \"PostmanRuntime/7.26.10\"\n","level":"info","timestamp":"Mar-31-2021 12:12:04"}
{"message":"\t::1 - - [31/Mar/2021:06:42:57 +0000] \"GET /user/quizAnswer/6062ee903bb6c0044caea00c/6062f77dd8df533268f0ba93 HTTP/1.1\" 200 2238 \"-\" \"PostmanRuntime/7.26.10\"\n","level":"info","timestamp":"Mar-31-2021 12:12:57"}
{"message":"\t::1 - - [31/Mar/2021:06:45:30 +0000] \"GET /user/quizAnswer/6062ee903bb6c0044caea00c/6062f77dd8df533268f0ba93 HTTP/1.1\" 200 674 \"-\" \"PostmanRuntime/7.26.10\"\n","level":"info","timestamp":"Mar-31-2021 12:15:30"}
{"message":"\t::1 - - [31/Mar/2021:06:49:51 +0000] \"GET /user/quizAnswer/6062ee903bb6c0044caea00c/6062f77dd8df533268f0ba93 HTTP/1.1\" 400 74 \"-\" \"PostmanRuntime/7.26.10\"\n","level":"info","timestamp":"Mar-31-2021 12:19:51"}
{"message":"\t::1 - - [31/Mar/2021:06:51:17 +0000] \"GET /user/quizAnswer/6062ee903bb6c0044caea00c/6062f77dd8df533268f0ba93 HTTP/1.1\" 400 105 \"-\" \"PostmanRuntime/7.26.10\"\n","level":"info","timestamp":"Mar-31-2021 12:21:17"}
{"message":"\t::1 - - [31/Mar/2021:06:51:31 +0000] \"GET /user/quizAnswer/6062ee903bb6c0044caea00c/6062f77dd8df533268f0ba93 HTTP/1.1\" 400 62 \"-\" \"PostmanRuntime/7.26.10\"\n","level":"info","timestamp":"Mar-31-2021 12:21:31"}
{"message":"\t::1 - - [31/Mar/2021:06:51:41 +0000] \"GET /user/quizAnswer/6062ee903bb6c0044caea00c/6062f77dd8df533268f0ba93 HTTP/1.1\" 400 63 \"-\" \"PostmanRuntime/7.26.10\"\n","level":"info","timestamp":"Mar-31-2021 12:21:41"}
{"message":"\t::1 - - [31/Mar/2021:06:52:41 +0000] \"GET /user/quizAnswer/6062ee903bb6c0044caea00c/6062f77dd8df533268f0ba93 HTTP/1.1\" 200 674 \"-\" \"PostmanRuntime/7.26.10\"\n","level":"info","timestamp":"Mar-31-2021 12:22:41"}
{"message":"\t::1 - - [31/Mar/2021:06:58:38 +0000] \"GET /user/quizAnswer/6062ee903bb6c0044caea00c/6062f77dd8df533268f0ba93 HTTP/1.1\" 400 104 \"-\" \"PostmanRuntime/7.26.10\"\n","level":"info","timestamp":"Mar-31-2021 12:28:38"}
{"message":"\t::1 - - [31/Mar/2021:07:04:25 +0000] \"GET /user/quizAnswer/6062ee903bb6c0044caea00c/6062f77dd8df533268f0ba93 HTTP/1.1\" 200 4293 \"-\" \"PostmanRuntime/7.26.10\"\n","level":"info","timestamp":"Mar-31-2021 12:34:25"}
{"message":"\t::1 - - [31/Mar/2021:07:36:11 +0000] \"GET /quiz/name HTTP/1.1\" 200 129 \"-\" \"PostmanRuntime/7.26.10\"\n","level":"info","timestamp":"Mar-31-2021 13:06:11"}
{"message":"\t::1 - - [31/Mar/2021:07:36:14 +0000] \"GET /user/quizAnswer/6062ee903bb6c0044caea00c/6062f77dd8df533268f0ba93 HTTP/1.1\" 200 722 \"-\" \"PostmanRuntime/7.26.10\"\n","level":"info","timestamp":"Mar-31-2021 13:06:14"}
{"message":"\t::1 - - [31/Mar/2021:07:39:59 +0000] \"GET /user/quizAnswer/6062ee903bb6c0044caea00c/6062f77dd8df533268f0ba93 HTTP/1.1\" 400 106 \"-\" \"PostmanRuntime/7.26.10\"\n","level":"info","timestamp":"Mar-31-2021 13:09:59"}
{"message":"\t::1 - - [31/Mar/2021:07:40:11 +0000] \"GET /user/quizAnswer/6062ee903bb6c0044caea00c/6062f77dd8df533268f0ba93 HTTP/1.1\" 200 2532 \"-\" \"PostmanRuntime/7.26.10\"\n","level":"info","timestamp":"Mar-31-2021 13:10:11"}
{"message":"\t::1 - - [31/Mar/2021:07:41:40 +0000] \"GET /user/quizAnswer/6062ee903bb6c0044caea00c/6062f77dd8df533268f0ba93 HTTP/1.1\" 200 4341 \"-\" \"PostmanRuntime/7.26.10\"\n","level":"info","timestamp":"Mar-31-2021 13:11:40"}
{"message":"\t::1 - - [31/Mar/2021:07:42:06 +0000] \"GET /user/quizAnswer/6062ee903bb6c0044caea00c/6062f77dd8df533268f0ba93 HTTP/1.1\" 200 722 \"-\" \"PostmanRuntime/7.26.10\"\n","level":"info","timestamp":"Mar-31-2021 13:12:06"}
{"message":"\t::1 - - [31/Mar/2021:07:42:28 +0000] \"GET /user/quizAnswer/6062ee903bb6c0044caea00c/6062f77dd8df533268f0ba93 HTTP/1.1\" 200 2532 \"-\" \"PostmanRuntime/7.26.10\"\n","level":"info","timestamp":"Mar-31-2021 13:12:28"}
{"message":"\t::1 - - [31/Mar/2021:07:43:32 +0000] \"GET /user/quizAnswer/6062ee903bb6c0044caea00c/6062f77dd8df533268f0ba93 HTTP/1.1\" 200 1504 \"-\" \"PostmanRuntime/7.26.10\"\n","level":"info","timestamp":"Mar-31-2021 13:13:32"}
{"message":"\t::1 - - [31/Mar/2021:08:58:32 +0000] \"GET /user/quizAnswer/6062ee903bb6c0044caea00c/6062f77dd8df533268f0ba93 HTTP/1.1\" 200 1504 \"-\" \"PostmanRuntime/7.26.10\"\n","level":"info","timestamp":"Mar-31-2021 14:28:32"}
{"message":"\t::1 - - [31/Mar/2021:09:05:25 +0000] \"GET /user/quizAnswer/6062ee903bb6c0044caea00c/6062f77dd8df533268f0ba93 HTTP/1.1\" 200 1994 \"-\" \"PostmanRuntime/7.26.10\"\n","level":"info","timestamp":"Mar-31-2021 14:35:25"}
{"message":"\t::1 - - [31/Mar/2021:09:05:58 +0000] \"GET /user/quizAnswer/6062ee903bb6c0044caea00c/6062f77dd8df533268f0ba93 HTTP/1.1\" 400 125 \"-\" \"PostmanRuntime/7.26.10\"\n","level":"info","timestamp":"Mar-31-2021 14:35:58"}
{"message":"\t::1 - - [31/Mar/2021:09:06:51 +0000] \"GET /user/quizAnswer/6062ee903bb6c0044caea00c/6062f77dd8df533268f0ba93 HTTP/1.1\" 400 60 \"-\" \"PostmanRuntime/7.26.10\"\n","level":"info","timestamp":"Mar-31-2021 14:36:51"}
{"message":"\t::1 - - [31/Mar/2021:09:07:09 +0000] \"GET /user/quizAnswer/6062ee903bb6c0044caea00c/6062f77dd8df533268f0ba93 HTTP/1.1\" 400 57 \"-\" \"PostmanRuntime/7.26.10\"\n","level":"info","timestamp":"Mar-31-2021 14:37:09"}
{"message":"\t::1 - - [31/Mar/2021:09:07:31 +0000] \"GET /user/quizAnswer/6062ee903bb6c0044caea00c/6062f77dd8df533268f0ba93 HTTP/1.1\" 200 1384 \"-\" \"PostmanRuntime/7.26.10\"\n","level":"info","timestamp":"Mar-31-2021 14:37:31"}
{"message":"\t::1 - - [31/Mar/2021:09:08:10 +0000] \"GET /user/quizAnswer/6062ee903bb6c0044caea00c/6062f77dd8df533268f0ba93 HTTP/1.1\" 200 1994 \"-\" \"PostmanRuntime/7.26.10\"\n","level":"info","timestamp":"Mar-31-2021 14:38:10"}
{"message":"\t::1 - - [31/Mar/2021:09:08:32 +0000] \"GET /user/quizAnswer/6062ee903bb6c0044caea00c/6062f77dd8df533268f0ba93 HTTP/1.1\" 200 1384 \"-\" \"PostmanRuntime/7.26.10\"\n","level":"info","timestamp":"Mar-31-2021 14:38:32"}
{"message":"\t::1 - - [31/Mar/2021:09:30:48 +0000] \"GET /user/quizAnswer/6062ee903bb6c0044caea00c/6062f77dd8df533268f0ba93 HTTP/1.1\" 400 62 \"-\" \"PostmanRuntime/7.26.10\"\n","level":"info","timestamp":"Mar-31-2021 15:00:48"}
{"message":"\t::1 - - [31/Mar/2021:09:31:05 +0000] \"GET /user/quizAnswer/6062ee903bb6c0044caea00c/6062f77dd8df533268f0ba93 HTTP/1.1\" 200 4912 \"-\" \"PostmanRuntime/7.26.10\"\n","level":"info","timestamp":"Mar-31-2021 15:01:05"}
{"message":"\t::1 - - [31/Mar/2021:09:37:46 +0000] \"GET /user/quizAnswer/6062ee903bb6c0044caea00c/6062f77dd8df533268f0ba93 HTTP/1.1\" 400 82 \"-\" \"PostmanRuntime/7.26.10\"\n","level":"info","timestamp":"Mar-31-2021 15:07:46"}
{"message":"\t::1 - - [31/Mar/2021:09:37:50 +0000] \"GET /user/quizAnswer/6062ee903bb6c0044caea00c/6062f77dd8df533268f0ba93 HTTP/1.1\" 400 82 \"-\" \"PostmanRuntime/7.26.10\"\n","level":"info","timestamp":"Mar-31-2021 15:07:50"}
{"message":"\t::1 - - [31/Mar/2021:09:39:19 +0000] \"GET /user/quizAnswer/6062ee903bb6c0044caea00c/6062f77dd8df533268f0ba93 HTTP/1.1\" 400 82 \"-\" \"PostmanRuntime/7.26.10\"\n","level":"info","timestamp":"Mar-31-2021 15:09:19"}
{"message":"\t::1 - - [31/Mar/2021:09:39:27 +0000] \"GET /user/quizAnswer/6062ee903bb6c0044caea00c/6062f77dd8df533268f0ba93 HTTP/1.1\" 400 82 \"-\" \"PostmanRuntime/7.26.10\"\n","level":"info","timestamp":"Mar-31-2021 15:09:27"}
{"message":"\t::1 - - [31/Mar/2021:09:40:01 +0000] \"GET /user/quizAnswer/6062ee903bb6c0044caea00c/6062f77dd8df533268f0ba93 HTTP/1.1\" 200 1434 \"-\" \"PostmanRuntime/7.26.10\"\n","level":"info","timestamp":"Mar-31-2021 15:10:01"}
{"message":"\t::1 - - [31/Mar/2021:09:41:57 +0000] \"GET /user/quizAnswer/6062ee903bb6c0044caea00c/6062f77dd8df533268f0ba93 HTTP/1.1\" 400 77 \"-\" \"PostmanRuntime/7.26.10\"\n","level":"info","timestamp":"Mar-31-2021 15:11:57"}
{"message":"\t::1 - - [31/Mar/2021:09:44:29 +0000] \"GET /user/quizAnswer/6062ee903bb6c0044caea00c/6062f77dd8df533268f0ba93 HTTP/1.1\" 200 40 \"-\" \"PostmanRuntime/7.26.10\"\n","level":"info","timestamp":"Mar-31-2021 15:14:29"}
{"message":"\t::1 - - [31/Mar/2021:09:44:42 +0000] \"GET /user/quizAnswer/6062ee903bb6c0044caea00c/6062f77dd8df533268f0ba93 HTTP/1.1\" 200 73 \"-\" \"PostmanRuntime/7.26.10\"\n","level":"info","timestamp":"Mar-31-2021 15:14:42"}
{"message":"\t::1 - - [31/Mar/2021:09:45:01 +0000] \"GET /user/quizAnswer/6062ee903bb6c0044caea00c/6062f77dd8df533268f0ba93 HTTP/1.1\" 400 114 \"-\" \"PostmanRuntime/7.26.10\"\n","level":"info","timestamp":"Mar-31-2021 15:15:01"}
{"message":"\t::1 - - [31/Mar/2021:09:45:46 +0000] \"GET /user/quizAnswer/6062ee903bb6c0044caea00c/6062f77dd8df533268f0ba93 HTTP/1.1\" 200 1434 \"-\" \"PostmanRuntime/7.26.10\"\n","level":"info","timestamp":"Mar-31-2021 15:15:46"}
{"message":"\t::1 - - [31/Mar/2021:09:46:52 +0000] \"GET /user/quizAnswer/6062ee903bb6c0044caea00c/6062f77dd8df533268f0ba93 HTTP/1.1\" 200 4912 \"-\" \"PostmanRuntime/7.26.10\"\n","level":"info","timestamp":"Mar-31-2021 15:16:52"}
{"message":"\t::1 - - [31/Mar/2021:09:51:52 +0000] \"GET /user/quizAnswer/6062ee903bb6c0044caea00c/6062f77dd8df533268f0ba93 HTTP/1.1\" 400 141 \"-\" \"PostmanRuntime/7.26.10\"\n","level":"info","timestamp":"Mar-31-2021 15:21:52"}
{"message":"\t::1 - - [31/Mar/2021:09:52:03 +0000] \"GET /user/quizAnswer/6062ee903bb6c0044caea00c/6062f77dd8df533268f0ba93 HTTP/1.1\" 200 5737 \"-\" \"PostmanRuntime/7.26.10\"\n","level":"info","timestamp":"Mar-31-2021 15:22:03"}
{"message":"\t::1 - - [31/Mar/2021:09:53:25 +0000] \"GET /user/quizAnswer/6062ee903bb6c0044caea00c/6062f77dd8df533268f0ba93 HTTP/1.1\" 400 94 \"-\" \"PostmanRuntime/7.26.10\"\n","level":"info","timestamp":"Mar-31-2021 15:23:25"}
{"message":"\t::1 - - [31/Mar/2021:09:54:30 +0000] \"GET /user/quizAnswer/6062ee903bb6c0044caea00c/6062f77dd8df533268f0ba93 HTTP/1.1\" 200 1352 \"-\" \"PostmanRuntime/7.26.10\"\n","level":"info","timestamp":"Mar-31-2021 15:24:30"}
{"message":"\t::1 - - [31/Mar/2021:09:54:57 +0000] \"GET /user/quizAnswer/6062ee903bb6c0044caea00c/6062f77dd8df533268f0ba93 HTTP/1.1\" 200 1352 \"-\" \"PostmanRuntime/7.26.10\"\n","level":"info","timestamp":"Mar-31-2021 15:24:57"}
{"message":"\t::1 - - [31/Mar/2021:09:57:20 +0000] \"GET /user/quizAnswer/6062ee903bb6c0044caea00c/6062f77dd8df533268f0ba93 HTTP/1.1\" 200 1352 \"-\" \"PostmanRuntime/7.26.10\"\n","level":"info","timestamp":"Mar-31-2021 15:27:20"}
{"message":"\t::1 - - [31/Mar/2021:09:58:51 +0000] \"GET /user/quizAnswer/6062ee903bb6c0044caea00c/6062f77dd8df533268f0ba93 HTTP/1.1\" 200 1352 \"-\" \"PostmanRuntime/7.26.10\"\n","level":"info","timestamp":"Mar-31-2021 15:28:51"}
{"message":"\t::1 - - [31/Mar/2021:10:00:04 +0000] \"GET /user/quizAnswer/6062ee903bb6c0044caea00c/6062f77dd8df533268f0ba93 HTTP/1.1\" 200 1352 \"-\" \"PostmanRuntime/7.26.10\"\n","level":"info","timestamp":"Mar-31-2021 15:30:04"}
{"message":"\t::1 - - [31/Mar/2021:10:00:21 +0000] \"GET /user/quizAnswer/6062ee903bb6c0044caea00c/6062f77dd8df533268f0ba93 HTTP/1.1\" 200 3512 \"-\" \"PostmanRuntime/7.26.10\"\n","level":"info","timestamp":"Mar-31-2021 15:30:21"}
{"message":"\t::1 - - [31/Mar/2021:10:01:05 +0000] \"GET /user/quizAnswer/6062ee903bb6c0044caea00c/6062f77dd8df533268f0ba93 HTTP/1.1\" 200 10402 \"-\" \"PostmanRuntime/7.26.10\"\n","level":"info","timestamp":"Mar-31-2021 15:31:05"}
{"message":"\t::1 - - [31/Mar/2021:10:01:33 +0000] \"GET /user/quizAnswer/6062ee903bb6c0044caea00c/6062f77dd8df533268f0ba93 HTTP/1.1\" 200 1352 \"-\" \"PostmanRuntime/7.26.10\"\n","level":"info","timestamp":"Mar-31-2021 15:31:33"}
{"message":"\t::1 - - [31/Mar/2021:10:01:45 +0000] \"GET /user/quizAnswer/6062ee903bb6c0044caea00c/6062f77dd8df533268f0ba93 HTTP/1.1\" 200 10402 \"-\" \"PostmanRuntime/7.26.10\"\n","level":"info","timestamp":"Mar-31-2021 15:31:45"}
{"message":"\t::1 - - [31/Mar/2021:10:04:12 +0000] \"GET /user/quizAnswer/6062ee903bb6c0044caea00c/6062f77dd8df533268f0ba93 HTTP/1.1\" 200 1352 \"-\" \"PostmanRuntime/7.26.10\"\n","level":"info","timestamp":"Mar-31-2021 15:34:12"}
{"message":"\t::1 - - [31/Mar/2021:10:04:37 +0000] \"GET /user/quizAnswer/6062ee903bb6c0044caea00c/6062f77dd8df533268f0ba93 HTTP/1.1\" 200 1352 \"-\" \"PostmanRuntime/7.26.10\"\n","level":"info","timestamp":"Mar-31-2021 15:34:37"}
{"message":"\t::1 - - [31/Mar/2021:10:06:10 +0000] \"GET /user/quizAnswer/6062ee903bb6c0044caea00c/6062f77dd8df533268f0ba93 HTTP/1.1\" 200 1352 \"-\" \"PostmanRuntime/7.26.10\"\n","level":"info","timestamp":"Mar-31-2021 15:36:10"}
{"message":"\t::1 - - [31/Mar/2021:10:08:04 +0000] \"GET /user/quizAnswer/6062ee903bb6c0044caea00c/6062f77dd8df533268f0ba93 HTTP/1.1\" 200 4022 \"-\" \"PostmanRuntime/7.26.10\"\n","level":"info","timestamp":"Mar-31-2021 15:38:04"}
{"message":"\t::1 - - [31/Mar/2021:10:08:35 +0000] \"GET /user/quizAnswer/6062ee903bb6c0044caea00c/6062f77dd8df533268f0ba93 HTTP/1.1\" 200 4022 \"-\" \"PostmanRuntime/7.26.10\"\n","level":"info","timestamp":"Mar-31-2021 15:38:35"}
{"message":"\t::1 - - [31/Mar/2021:10:09:00 +0000] \"GET /user/quizAnswer/6062ee903bb6c0044caea00c/6062f77dd8df533268f0ba93 HTTP/1.1\" 200 19447 \"-\" \"PostmanRuntime/7.26.10\"\n","level":"info","timestamp":"Mar-31-2021 15:39:00"}
{"message":"\t::1 - - [31/Mar/2021:10:10:41 +0000] \"GET /user/quizAnswer/6062ee903bb6c0044caea00c/6062f77dd8df533268f0ba93 HTTP/1.1\" 200 4022 \"-\" \"PostmanRuntime/7.26.10\"\n","level":"info","timestamp":"Mar-31-2021 15:40:41"}
{"message":"\t::1 - - [31/Mar/2021:10:11:52 +0000] \"GET /user/quizAnswer/6062ee903bb6c0044caea00c/6062f77dd8df533268f0ba93 HTTP/1.1\" 400 111 \"-\" \"PostmanRuntime/7.26.10\"\n","level":"info","timestamp":"Mar-31-2021 15:41:52"}
{"message":"\t::1 - - [31/Mar/2021:10:12:50 +0000] \"GET /user/quizAnswer/6062ee903bb6c0044caea00c/6062f77dd8df533268f0ba93 HTTP/1.1\" 400 111 \"-\" \"PostmanRuntime/7.26.10\"\n","level":"info","timestamp":"Mar-31-2021 15:42:50"}
{"message":"\t::1 - - [31/Mar/2021:10:12:59 +0000] \"GET /user/quizAnswer/6062ee903bb6c0044caea00c/6062f77dd8df533268f0ba93 HTTP/1.1\" 200 4022 \"-\" \"PostmanRuntime/7.26.10\"\n","level":"info","timestamp":"Mar-31-2021 15:42:59"}
{"message":"\t::1 - - [31/Mar/2021:10:13:31 +0000] \"GET /user/quizAnswer/6062ee903bb6c0044caea00c/6062f77dd8df533268f0ba93 HTTP/1.1\" 200 4022 \"-\" \"PostmanRuntime/7.26.10\"\n","level":"info","timestamp":"Mar-31-2021 15:43:31"}
{"message":"\t::1 - - [31/Mar/2021:10:13:54 +0000] \"GET /user/quizAnswer/6062ee903bb6c0044caea00c/6062f77dd8df533268f0ba93 HTTP/1.1\" 200 4022 \"-\" \"PostmanRuntime/7.26.10\"\n","level":"info","timestamp":"Mar-31-2021 15:43:54"}
{"message":"\t::1 - - [31/Mar/2021:10:15:25 +0000] \"GET /user/quizAnswer/6062ee903bb6c0044caea00c/6062f77dd8df533268f0ba93 HTTP/1.1\" 400 57 \"-\" \"PostmanRuntime/7.26.10\"\n","level":"info","timestamp":"Mar-31-2021 15:45:25"}
{"message":"\t::1 - - [31/Mar/2021:10:15:43 +0000] \"GET /user/quizAnswer/6062ee903bb6c0044caea00c/6062f77dd8df533268f0ba93 HTTP/1.1\" 200 2687 \"-\" \"PostmanRuntime/7.26.10\"\n","level":"info","timestamp":"Mar-31-2021 15:45:43"}
{"message":"\t::1 - - [31/Mar/2021:10:15:56 +0000] \"GET /user/quizAnswer/6062ee903bb6c0044caea00c/6062f77dd8df533268f0ba93 HTTP/1.1\" 200 1615 \"-\" \"PostmanRuntime/7.26.10\"\n","level":"info","timestamp":"Mar-31-2021 15:45:56"}
{"message":"\t::1 - - [31/Mar/2021:10:17:54 +0000] \"GET /user/quizAnswer/6062ee903bb6c0044caea00c/6062f77dd8df533268f0ba93 HTTP/1.1\" 200 1615 \"-\" \"PostmanRuntime/7.26.10\"\n","level":"info","timestamp":"Mar-31-2021 15:47:54"}
{"message":"\t::1 - - [31/Mar/2021:10:18:29 +0000] \"GET /user/quizAnswer/6062ee903bb6c0044caea00c/6062f77dd8df533268f0ba93 HTTP/1.1\" 200 2180 \"-\" \"PostmanRuntime/7.26.10\"\n","level":"info","timestamp":"Mar-31-2021 15:48:29"}
{"message":"\t::1 - - [31/Mar/2021:10:19:10 +0000] \"GET /user/quizAnswer/6062ee903bb6c0044caea00c/6062f77dd8df533268f0ba93 HTTP/1.1\" 200 2060 \"-\" \"PostmanRuntime/7.26.10\"\n","level":"info","timestamp":"Mar-31-2021 15:49:10"}
{"message":"\t::1 - - [31/Mar/2021:10:20:44 +0000] \"GET /user/quizAnswer/6062ee903bb6c0044caea00c/6062f77dd8df533268f0ba93 HTTP/1.1\" 200 1675 \"-\" \"PostmanRuntime/7.26.10\"\n","level":"info","timestamp":"Mar-31-2021 15:50:44"}
{"message":"\t::1 - - [31/Mar/2021:10:21:40 +0000] \"GET /user/quizAnswer/6062ee903bb6c0044caea00c/6062f77dd8df533268f0ba93 HTTP/1.1\" 400 107 \"-\" \"PostmanRuntime/7.26.10\"\n","level":"info","timestamp":"Mar-31-2021 15:51:40"}
{"message":"\t::1 - - [31/Mar/2021:10:21:59 +0000] \"GET /user/quizAnswer/6062ee903bb6c0044caea00c/6062f77dd8df533268f0ba93 HTTP/1.1\" 200 1829 \"-\" \"PostmanRuntime/7.26.10\"\n","level":"info","timestamp":"Mar-31-2021 15:51:59"}
{"message":"\t::1 - - [31/Mar/2021:10:22:29 +0000] \"GET /user/quizAnswer/6062ee903bb6c0044caea00c/6062f77dd8df533268f0ba93 HTTP/1.1\" 200 2060 \"-\" \"PostmanRuntime/7.26.10\"\n","level":"info","timestamp":"Mar-31-2021 15:52:29"}
{"message":"\t::1 - - [31/Mar/2021:10:23:36 +0000] \"GET /user/quizAnswer/6062ee903bb6c0044caea00c/6062f77dd8df533268f0ba93 HTTP/1.1\" 200 2145 \"-\" \"PostmanRuntime/7.26.10\"\n","level":"info","timestamp":"Mar-31-2021 15:53:36"}
{"message":"\t::1 - - [31/Mar/2021:10:24:24 +0000] \"GET /user/quizAnswer/6062ee903bb6c0044caea00c/6062f77dd8df533268f0ba93 HTTP/1.1\" 200 2150 \"-\" \"PostmanRuntime/7.26.10\"\n","level":"info","timestamp":"Mar-31-2021 15:54:24"}
{"message":"\t::1 - - [31/Mar/2021:10:36:29 +0000] \"GET /user/quizAnswer/6062ee903bb6c0044caea00c/6062f77dd8df533268f0ba93 HTTP/1.1\" 400 93 \"-\" \"PostmanRuntime/7.26.10\"\n","level":"info","timestamp":"Mar-31-2021 16:06:29"}
{"message":"\t::1 - - [31/Mar/2021:10:37:05 +0000] \"GET /user/quizAnswer/6062ee903bb6c0044caea00c/6062f77dd8df533268f0ba93 HTTP/1.1\" 200 2150 \"-\" \"PostmanRuntime/7.26.10\"\n","level":"info","timestamp":"Mar-31-2021 16:07:05"}
{"message":"\t::1 - - [31/Mar/2021:10:37:38 +0000] \"GET /user/quizAnswer/6062ee903bb6c0044caea00c/6062f77dd8df533268f0ba93 HTTP/1.1\" 200 2145 \"-\" \"PostmanRuntime/7.26.10\"\n","level":"info","timestamp":"Mar-31-2021 16:07:38"}
{"message":"\t::1 - - [31/Mar/2021:11:14:40 +0000] \"POST /user/quizAnswer/6062ee903bb6c0044caea00c/6062f77dd8df533268f0ba93 HTTP/1.1\" 200 785 \"-\" \"PostmanRuntime/7.26.10\"\n","level":"info","timestamp":"Mar-31-2021 16:44:40"}
{"message":"\t::1 - - [31/Mar/2021:11:17:47 +0000] \"GET /user/quizAnswer/6062ee903bb6c0044caea00c/6062f77dd8df533268f0ba93 HTTP/1.1\" 200 2225 \"-\" \"PostmanRuntime/7.26.10\"\n","level":"info","timestamp":"Mar-31-2021 16:47:47"}
{"message":"\t::1 - - [31/Mar/2021:11:31:10 +0000] \"GET /user/quizAnswer/6062ee903bb6c0044caea00c/6062f77dd8df533268f0ba93 HTTP/1.1\" 200 2230 \"-\" \"PostmanRuntime/7.26.10\"\n","level":"info","timestamp":"Mar-31-2021 17:01:10"}
{"message":"\t::1 - - [31/Mar/2021:11:33:55 +0000] \"GET /user/quizAnswer/6062ee903bb6c0044caea00c/6062f77dd8df533268f0ba93 HTTP/1.1\" 200 2230 \"-\" \"PostmanRuntime/7.26.10\"\n","level":"info","timestamp":"Mar-31-2021 17:03:55"}
{"message":"\t::1 - - [31/Mar/2021:11:35:25 +0000] \"GET /user/quizAnswer/6062ee903bb6c0044caea00c/6062f77dd8df533268f0ba93 HTTP/1.1\" 200 2220 \"-\" \"PostmanRuntime/7.26.10\"\n","level":"info","timestamp":"Mar-31-2021 17:05:25"}
{"message":"\t::1 - - [31/Mar/2021:11:37:54 +0000] \"POST /user/quizAnswer/6062ee903bb6c0044caea00c/6062f77dd8df533268f0ba93 HTTP/1.1\" 200 705 \"-\" \"PostmanRuntime/7.26.10\"\n","level":"info","timestamp":"Mar-31-2021 17:07:54"}
{"message":"\t::1 - - [31/Mar/2021:11:38:36 +0000] \"GET /user/quizAnswer/6062ee903bb6c0044caea00c/6062f77dd8df533268f0ba93 HTTP/1.1\" 200 2140 \"-\" \"PostmanRuntime/7.26.10\"\n","level":"info","timestamp":"Mar-31-2021 17:08:36"}
{"message":"\t::1 - - [31/Mar/2021:12:06:10 +0000] \"GET /user/quizAnswer/6062ee903bb6c0044caea00c/6062f77dd8df533268f0ba93 HTTP/1.1\" 200 2140 \"-\" \"PostmanRuntime/7.26.10\"\n","level":"info","timestamp":"Mar-31-2021 17:36:10"}
{"message":"\t::1 - - [31/Mar/2021:12:30:41 +0000] \"GET /user/quizAnswer/6062ee903bb6c0044caea00c/6062f77dd8df533268f0ba93 HTTP/1.1\" 400 93 \"-\" \"PostmanRuntime/7.26.10\"\n","level":"info","timestamp":"Mar-31-2021 18:00:41"}
{"message":"\t::1 - - [31/Mar/2021:12:33:23 +0000] \"GET /user/quizAnswer/6062ee903bb6c0044caea00c/6062f77dd8df533268f0ba93 HTTP/1.1\" 200 2140 \"-\" \"PostmanRuntime/7.26.10\"\n","level":"info","timestamp":"Mar-31-2021 18:03:23"}
{"message":"\t::1 - - [31/Mar/2021:12:35:12 +0000] \"GET /user/quizAnswer/6062ee903bb6c0044caea00c/6062f77dd8df533268f0ba93 HTTP/1.1\" 200 2140 \"-\" \"PostmanRuntime/7.26.10\"\n","level":"info","timestamp":"Mar-31-2021 18:05:12"}
{"message":"\t::1 - - [31/Mar/2021:12:38:36 +0000] \"GET /user/quizAnswer/6062ee903bb6c0044caea00c/6062f77dd8df533268f0ba93 HTTP/1.1\" 400 75 \"-\" \"PostmanRuntime/7.26.10\"\n","level":"info","timestamp":"Mar-31-2021 18:08:36"}
{"message":"\t::1 - - [31/Mar/2021:12:38:57 +0000] \"GET /user/quizAnswer/6062ee903bb6c0044caea00c/6062f77dd8df533268f0ba93 HTTP/1.1\" 400 75 \"-\" \"PostmanRuntime/7.26.10\"\n","level":"info","timestamp":"Mar-31-2021 18:08:57"}
{"message":"\t::1 - - [31/Mar/2021:12:43:24 +0000] \"GET /user/quizAnswer/6062ee903bb6c0044caea00c/6062f77dd8df533268f0ba93 HTTP/1.1\" 200 2135 \"-\" \"PostmanRuntime/7.26.10\"\n","level":"info","timestamp":"Mar-31-2021 18:13:24"}
{"message":"\t::1 - - [31/Mar/2021:12:58:08 +0000] \"GET /user/quizAnswer/6062ee903bb6c0044caea00c/6062f77dd8df533268f0ba93 HTTP/1.1\" 200 2060 \"-\" \"PostmanRuntime/7.26.10\"\n","level":"info","timestamp":"Mar-31-2021 18:28:08"}
{"message":"\t::1 - - [31/Mar/2021:13:27:56 +0000] \"GET /user/quizAnswer/6062ee903bb6c0044caea00c/6062f77dd8df533268f0ba93 HTTP/1.1\" 200 2140 \"-\" \"PostmanRuntime/7.26.10\"\n","level":"info","timestamp":"Mar-31-2021 18:57:56"}
{"message":"\t::1 - - [31/Mar/2021:13:28:37 +0000] \"GET /user/quizAnswer/6062ee903bb6c0044caea00c/6062f77dd8df533268f0ba93 HTTP/1.1\" 200 2140 \"-\" \"PostmanRuntime/7.26.10\"\n","level":"info","timestamp":"Mar-31-2021 18:58:37"}
{"message":"\t::1 - - [31/Mar/2021:13:29:03 +0000] \"GET /user/quizAnswer/6062ee903bb6c0044caea00c/6062f77dd8df533268f0ba93 HTTP/1.1\" 200 2135 \"-\" \"PostmanRuntime/7.26.10\"\n","level":"info","timestamp":"Mar-31-2021 18:59:03"}
{"message":"\t::1 - - [31/Mar/2021:13:29:30 +0000] \"GET /user/quizAnswer/6062ee903bb6c0044caea00c/6062f77dd8df533268f0ba93 HTTP/1.1\" 200 2160 \"-\" \"PostmanRuntime/7.26.10\"\n","level":"info","timestamp":"Mar-31-2021 18:59:30"}
{"message":"\t::1 - - [31/Mar/2021:13:29:47 +0000] \"GET /user/quizAnswer/6062ee903bb6c0044caea00c/6062f77dd8df533268f0ba93 HTTP/1.1\" 200 2180 \"-\" \"PostmanRuntime/7.26.10\"\n","level":"info","timestamp":"Mar-31-2021 18:59:47"}
{"message":"\t::1 - - [31/Mar/2021:13:30:11 +0000] \"GET /user/quizAnswer/6062ee903bb6c0044caea00c/6062f77dd8df533268f0ba93 HTTP/1.1\" 200 2120 \"-\" \"PostmanRuntime/7.26.10\"\n","level":"info","timestamp":"Mar-31-2021 19:00:11"}
{"message":"\t::1 - - [31/Mar/2021:13:30:19 +0000] \"GET /user/quizAnswer/6062ee903bb6c0044caea00c/6062f77dd8df533268f0ba93 HTTP/1.1\" 200 2180 \"-\" \"PostmanRuntime/7.26.10\"\n","level":"info","timestamp":"Mar-31-2021 19:00:19"}
{"message":"\t::ffff:127.0.0.1 - - [31/Mar/2021:13:30:46 +0000] \"GET /user/quizAnswer/6062ee903bb6c0044caea00c/6062f77dd8df533268f0ba93 HTTP/1.1\" 200 2160 \"-\" \"PostmanRuntime/7.26.10\"\n","level":"info","timestamp":"Mar-31-2021 19:00:46"}
{"message":"\t::1 - - [31/Mar/2021:13:31:17 +0000] \"GET /user/quizAnswer/6062ee903bb6c0044caea00c/6062f77dd8df533268f0ba93 HTTP/1.1\" 400 61 \"-\" \"PostmanRuntime/7.26.10\"\n","level":"info","timestamp":"Mar-31-2021 19:01:17"}
{"message":"\t::1 - - [31/Mar/2021:13:31:28 +0000] \"GET /user/quizAnswer/6062ee903bb6c0044caea00c/6062f77dd8df533268f0ba93 HTTP/1.1\" 200 28 \"-\" \"PostmanRuntime/7.26.10\"\n","level":"info","timestamp":"Mar-31-2021 19:01:28"}
{"message":"\t::1 - - [31/Mar/2021:13:31:41 +0000] \"GET /user/quizAnswer/6062ee903bb6c0044caea00c/6062f77dd8df533268f0ba93 HTTP/1.1\" 200 28 \"-\" \"PostmanRuntime/7.26.10\"\n","level":"info","timestamp":"Mar-31-2021 19:01:41"}
{"message":"\t::1 - - [31/Mar/2021:13:32:04 +0000] \"GET /user/quizAnswer/6062ee903bb6c0044caea00c/6062f77dd8df533268f0ba93 HTTP/1.1\" 200 2160 \"-\" \"PostmanRuntime/7.26.10\"\n","level":"info","timestamp":"Mar-31-2021 19:02:04"}
{"message":"\t::1 - - [31/Mar/2021:13:32:28 +0000] \"GET /user/quizAnswer/6062ee903bb6c0044caea00c/6062f77dd8df533268f0ba93 HTTP/1.1\" 200 1615 \"-\" \"PostmanRuntime/7.26.10\"\n","level":"info","timestamp":"Mar-31-2021 19:02:28"}
{"message":"\t::1 - - [31/Mar/2021:13:33:03 +0000] \"GET /user/quizAnswer/6062ee903bb6c0044caea00c/6062f77dd8df533268f0ba93 HTTP/1.1\" 200 2060 \"-\" \"PostmanRuntime/7.26.10\"\n","level":"info","timestamp":"Mar-31-2021 19:03:03"}
{"message":"\t::1 - - [31/Mar/2021:13:33:28 +0000] \"GET /user/quizAnswer/6062ee903bb6c0044caea00c/6062f77dd8df533268f0ba93 HTTP/1.1\" 200 2060 \"-\" \"PostmanRuntime/7.26.10\"\n","level":"info","timestamp":"Mar-31-2021 19:03:28"}
{"message":"\t::1 - - [31/Mar/2021:13:37:46 +0000] \"GET /user/quizAnswer/6062ee903bb6c0044caea00c/6062f77dd8df533268f0ba93 HTTP/1.1\" 200 2160 \"-\" \"PostmanRuntime/7.26.10\"\n","level":"info","timestamp":"Mar-31-2021 19:07:46"}
{"message":"\t::1 - - [31/Mar/2021:13:38:05 +0000] \"GET /user/quizAnswer/6062ee903bb6c0044caea00c/6062f77dd8df533268f0ba93 HTTP/1.1\" 400 113 \"-\" \"PostmanRuntime/7.26.10\"\n","level":"info","timestamp":"Mar-31-2021 19:08:05"}
{"message":"\t::1 - - [31/Mar/2021:13:40:57 +0000] \"GET /user/quizAnswer/6062ee903bb6c0044caea00c/6062f77dd8df533268f0ba93 HTTP/1.1\" 200 2170 \"-\" \"PostmanRuntime/7.26.10\"\n","level":"info","timestamp":"Mar-31-2021 19:10:57"}
{"message":"\t::1 - - [31/Mar/2021:13:42:31 +0000] \"GET /user/quizAnswer/6062ee903bb6c0044caea00c/6062f77dd8df533268f0ba93 HTTP/1.1\" 400 76 \"-\" \"PostmanRuntime/7.26.10\"\n","level":"info","timestamp":"Mar-31-2021 19:12:31"}
{"message":"\t::1 - - [31/Mar/2021:13:43:13 +0000] \"GET /user/quizAnswer/6062ee903bb6c0044caea00c/6062f77dd8df533268f0ba93 HTTP/1.1\" 400 105 \"-\" \"PostmanRuntime/7.26.10\"\n","level":"info","timestamp":"Mar-31-2021 19:13:13"}
{"message":"\t::1 - - [31/Mar/2021:13:43:27 +0000] \"GET /user/quizAnswer/6062ee903bb6c0044caea00c/6062f77dd8df533268f0ba93 HTTP/1.1\" 400 76 \"-\" \"PostmanRuntime/7.26.10\"\n","level":"info","timestamp":"Mar-31-2021 19:13:27"}
{"message":"\t::1 - - [31/Mar/2021:13:43:40 +0000] \"GET /user/quizAnswer/6062ee903bb6c0044caea00c/6062f77dd8df533268f0ba93 HTTP/1.1\" 200 2170 \"-\" \"PostmanRuntime/7.26.10\"\n","level":"info","timestamp":"Mar-31-2021 19:13:40"}
{"message":"\t::1 - - [31/Mar/2021:13:48:07 +0000] \"GET /user/quizAnswer/6062ee903bb6c0044caea00c/6062f77dd8df533268f0ba93 HTTP/1.1\" 200 2170 \"-\" \"PostmanRuntime/7.26.10\"\n","level":"info","timestamp":"Mar-31-2021 19:18:07"}
{"message":"\t::1 - - [31/Mar/2021:13:49:01 +0000] \"GET /user/quizAnswer/6062ee903bb6c0044caea00c/6062f77dd8df533268f0ba93 HTTP/1.1\" 200 2170 \"-\" \"PostmanRuntime/7.26.10\"\n","level":"info","timestamp":"Mar-31-2021 19:19:01"}
{"message":"\t::1 - - [31/Mar/2021:13:51:49 +0000] \"POST /user/quizAnswer/6062ee903bb6c0044caea00c/6062f77dd8df533268f0ba93 HTTP/1.1\" 200 785 \"-\" \"PostmanRuntime/7.26.10\"\n","level":"info","timestamp":"Mar-31-2021 19:21:49"}
{"message":"\t::1 - - [31/Mar/2021:13:53:15 +0000] \"GET /user/quizAnswer/6062ee903bb6c0044caea00c/6062f77dd8df533268f0ba93 HTTP/1.1\" 200 2320 \"-\" \"PostmanRuntime/7.26.10\"\n","level":"info","timestamp":"Mar-31-2021 19:23:15"}
{"message":"\t::ffff:127.0.0.1 - - [31/Mar/2021:13:53:43 +0000] \"GET /user/quizAnswer/6062ee903bb6c0044caea00c/6062f77dd8df533268f0ba93 HTTP/1.1\" 200 2340 \"-\" \"PostmanRuntime/7.26.10\"\n","level":"info","timestamp":"Mar-31-2021 19:23:43"}
{"message":"\t::1 - - [31/Mar/2021:13:54:20 +0000] \"GET /user/quizAnswer/6062ee903bb6c0044caea00c/6062f77dd8df533268f0ba93 HTTP/1.1\" 400 113 \"-\" \"PostmanRuntime/7.26.10\"\n","level":"info","timestamp":"Mar-31-2021 19:24:20"}
{"message":"\t::1 - - [31/Mar/2021:13:54:43 +0000] \"GET /user/quizAnswer/6062ee903bb6c0044caea00c/6062f77dd8df533268f0ba93 HTTP/1.1\" 400 123 \"-\" \"PostmanRuntime/7.26.10\"\n","level":"info","timestamp":"Mar-31-2021 19:24:43"}
{"message":"\t::1 - - [31/Mar/2021:13:54:58 +0000] \"GET /user/quizAnswer/6062ee903bb6c0044caea00c/6062f77dd8df533268f0ba93 HTTP/1.1\" 400 61 \"-\" \"PostmanRuntime/7.26.10\"\n","level":"info","timestamp":"Mar-31-2021 19:24:58"}
{"message":"\t::1 - - [31/Mar/2021:13:56:12 +0000] \"GET /user/quizAnswer/6062ee903bb6c0044caea00c/6062f77dd8df533268f0ba93 HTTP/1.1\" 200 1885 \"-\" \"PostmanRuntime/7.26.10\"\n","level":"info","timestamp":"Mar-31-2021 19:26:12"}
{"message":"\t::1 - - [31/Mar/2021:13:56:23 +0000] \"GET /user/quizAnswer/6062ee903bb6c0044caea00c/6062f77dd8df533268f0ba93 HTTP/1.1\" 200 2350 \"-\" \"PostmanRuntime/7.26.10\"\n","level":"info","timestamp":"Mar-31-2021 19:26:23"}
{"message":"\t::1 - - [31/Mar/2021:13:57:14 +0000] \"GET /user/quizAnswer/6062ee903bb6c0044caea00c/6062f77dd8df533268f0ba93 HTTP/1.1\" 200 2235 \"-\" \"PostmanRuntime/7.26.10\"\n","level":"info","timestamp":"Mar-31-2021 19:27:14"}
{"message":"\t::ffff:127.0.0.1 - - [31/Mar/2021:13:57:43 +0000] \"GET /user/quizAnswer/6062ee903bb6c0044caea00c/6062f77dd8df533268f0ba93 HTTP/1.1\" 200 2350 \"-\" \"PostmanRuntime/7.26.10\"\n","level":"info","timestamp":"Mar-31-2021 19:27:43"}
{"message":"\t::1 - - [31/Mar/2021:13:59:27 +0000] \"GET /user/quizAnswer/6062ee903bb6c0044caea00c/6062f77dd8df533268f0ba93 HTTP/1.1\" 200 2140 \"-\" \"PostmanRuntime/7.26.10\"\n","level":"info","timestamp":"Mar-31-2021 19:29:27"}
{"message":"\t::1 - - [31/Mar/2021:14:00:04 +0000] \"GET /user/quizAnswer/6062ee903bb6c0044caea00c/6062f77dd8df533268f0ba93 HTTP/1.1\" 200 2595 \"-\" \"PostmanRuntime/7.26.10\"\n","level":"info","timestamp":"Mar-31-2021 19:30:04"}
{"message":"\t::1 - - [31/Mar/2021:14:00:55 +0000] \"GET /user/quizAnswer/6062ee903bb6c0044caea00c/6062f77dd8df533268f0ba93 HTTP/1.1\" 200 2605 \"-\" \"PostmanRuntime/7.26.10\"\n","level":"info","timestamp":"Mar-31-2021 19:30:55"}
{"message":"\t::1 - - [31/Mar/2021:14:03:15 +0000] \"GET /user/quizAnswer/6062ee903bb6c0044caea00c/6062f77dd8df533268f0ba93 HTTP/1.1\" 200 2605 \"-\" \"PostmanRuntime/7.26.10\"\n","level":"info","timestamp":"Mar-31-2021 19:33:15"}
{"message":"\t::1 - - [31/Mar/2021:14:04:02 +0000] \"GET /user/quizAnswer/6062ee903bb6c0044caea00c/6062f77dd8df533268f0ba93 HTTP/1.1\" 200 2595 \"-\" \"PostmanRuntime/7.26.10\"\n","level":"info","timestamp":"Mar-31-2021 19:34:02"}
{"message":"\t::1 - - [31/Mar/2021:14:13:16 +0000] \"GET /user/quizAnswer/6062ee903bb6c0044caea00c/6062f77dd8df533268f0ba93 HTTP/1.1\" 400 82 \"-\" \"PostmanRuntime/7.26.10\"\n","level":"info","timestamp":"Mar-31-2021 19:43:16"}
{"message":"\t::1 - - [31/Mar/2021:14:13:39 +0000] \"GET /user/quizAnswer/6062ee903bb6c0044caea00c/6062f77dd8df533268f0ba93 HTTP/1.1\" 400 82 \"-\" \"PostmanRuntime/7.26.10\"\n","level":"info","timestamp":"Mar-31-2021 19:43:39"}
{"message":"\t::1 - - [31/Mar/2021:14:14:00 +0000] \"GET /user/quizAnswer/6062ee903bb6c0044caea00c/6062f77dd8df533268f0ba93 HTTP/1.1\" 400 82 \"-\" \"PostmanRuntime/7.26.10\"\n","level":"info","timestamp":"Mar-31-2021 19:44:00"}
{"message":"\t::1 - - [31/Mar/2021:14:14:33 +0000] \"GET /user/quizAnswer/6062ee903bb6c0044caea00c/6062f77dd8df533268f0ba93 HTTP/1.1\" 400 82 \"-\" \"PostmanRuntime/7.26.10\"\n","level":"info","timestamp":"Mar-31-2021 19:44:33"}
{"message":"\t::1 - - [31/Mar/2021:14:15:02 +0000] \"GET /user/quizAnswer/6062ee903bb6c0044caea00c/6062f77dd8df533268f0ba93 HTTP/1.1\" 200 2640 \"-\" \"PostmanRuntime/7.26.10\"\n","level":"info","timestamp":"Mar-31-2021 19:45:02"}
{"message":"\t::1 - - [31/Mar/2021:14:15:22 +0000] \"GET /user/quizAnswer/6062ee903bb6c0044caea00c/6062f77dd8df533268f0ba93 HTTP/1.1\" 200 2545 \"-\" \"PostmanRuntime/7.26.10\"\n","level":"info","timestamp":"Mar-31-2021 19:45:22"}
{"message":"\t::1 - - [31/Mar/2021:14:15:38 +0000] \"GET /user/quizAnswer/6062ee903bb6c0044caea00c/6062f77dd8df533268f0ba93 HTTP/1.1\" 200 2640 \"-\" \"PostmanRuntime/7.26.10\"\n","level":"info","timestamp":"Mar-31-2021 19:45:38"}
{"message":"\t::1 - - [31/Mar/2021:14:18:55 +0000] \"GET /user/quizAnswer/6062ee903bb6c0044caea00c/6062f77dd8df533268f0ba93 HTTP/1.1\" 200 2655 \"-\" \"PostmanRuntime/7.26.10\"\n","level":"info","timestamp":"Mar-31-2021 19:48:55"}
{"message":"\t::1 - - [01/Apr/2021:04:07:29 +0000] \"GET /user/quizAnswer/6062ee903bb6c0044caea00c/6062f77dd8df533268f0ba93 HTTP/1.1\" 200 2655 \"-\" \"PostmanRuntime/7.26.10\"\n","level":"info","timestamp":"Apr-01-2021 09:37:29"}
{"message":"\t::1 - - [01/Apr/2021:04:15:03 +0000] \"GET /user/quizAnswer/6062ee903bb6c0044caea00c/6062f77dd8df533268f0ba93 HTTP/1.1\" 200 717 \"-\" \"PostmanRuntime/7.26.10\"\n","level":"info","timestamp":"Apr-01-2021 09:45:03"}
{"message":"\t::1 - - [01/Apr/2021:04:17:33 +0000] \"GET /user/quizAnswer/6062ee903bb6c0044caea00c/6062f77dd8df533268f0ba93 HTTP/1.1\" 200 1402 \"-\" \"PostmanRuntime/7.26.10\"\n","level":"info","timestamp":"Apr-01-2021 09:47:33"}
{"message":"\t::1 - - [01/Apr/2021:04:21:00 +0000] \"GET /user/quizAnswer/6062ee903bb6c0044caea00c/6062f77dd8df533268f0ba93 HTTP/1.1\" 200 1482 \"-\" \"PostmanRuntime/7.26.10\"\n","level":"info","timestamp":"Apr-01-2021 09:51:00"}
{"message":"\t::1 - - [01/Apr/2021:04:24:07 +0000] \"GET /user/quizAnswer/6062ee903bb6c0044caea00c/6062f77dd8df533268f0ba93 HTTP/1.1\" 400 109 \"-\" \"PostmanRuntime/7.26.10\"\n","level":"info","timestamp":"Apr-01-2021 09:54:07"}
{"message":"\t::1 - - [01/Apr/2021:04:25:26 +0000] \"GET /user/quizAnswer/6062ee903bb6c0044caea00c/6062f77dd8df533268f0ba93 HTTP/1.1\" 400 109 \"-\" \"PostmanRuntime/7.26.10\"\n","level":"info","timestamp":"Apr-01-2021 09:55:26"}
{"message":"\t::1 - - [01/Apr/2021:04:57:56 +0000] \"GET /user/quizAnswer/6062ee903bb6c0044caea00c/6062f77dd8df533268f0ba93 HTTP/1.1\" 400 83 \"-\" \"PostmanRuntime/7.26.10\"\n","level":"info","timestamp":"Apr-01-2021 10:27:56"}
{"message":"\t::1 - - [01/Apr/2021:04:58:14 +0000] \"GET /user/quizAnswer/6062ee903bb6c0044caea00c/6062f77dd8df533268f0ba93 HTTP/1.1\" 200 1402 \"-\" \"PostmanRuntime/7.26.10\"\n","level":"info","timestamp":"Apr-01-2021 10:28:14"}
{"message":"\t::1 - - [01/Apr/2021:04:58:59 +0000] \"GET /user/quizAnswer/6062ee903bb6c0044caea00c/6062f77dd8df533268f0ba93 HTTP/1.1\" 200 1602 \"-\" \"PostmanRuntime/7.26.10\"\n","level":"info","timestamp":"Apr-01-2021 10:28:59"}
{"message":"\t::1 - - [01/Apr/2021:05:00:13 +0000] \"GET /user/quizAnswer/6062ee903bb6c0044caea00c/6062f77dd8df533268f0ba93 HTTP/1.1\" 200 447 \"-\" \"PostmanRuntime/7.26.10\"\n","level":"info","timestamp":"Apr-01-2021 10:30:13"}
{"message":"\t::1 - - [01/Apr/2021:05:00:30 +0000] \"GET /user/quizAnswer/6062ee903bb6c0044caea00c/6062f77dd8df533268f0ba93 HTTP/1.1\" 200 652 \"-\" \"PostmanRuntime/7.26.10\"\n","level":"info","timestamp":"Apr-01-2021 10:30:30"}
{"message":"\t::1 - - [01/Apr/2021:05:01:09 +0000] \"GET /user/quizAnswer/6062ee903bb6c0044caea00c/6062f77dd8df533268f0ba93 HTTP/1.1\" 400 54 \"-\" \"PostmanRuntime/7.26.10\"\n","level":"info","timestamp":"Apr-01-2021 10:31:09"}
{"message":"\t::1 - - [01/Apr/2021:05:01:21 +0000] \"GET /user/quizAnswer/6062ee903bb6c0044caea00c/6062f77dd8df533268f0ba93 HTTP/1.1\" 200 62 \"-\" \"PostmanRuntime/7.26.10\"\n","level":"info","timestamp":"Apr-01-2021 10:31:21"}
{"message":"\t::1 - - [01/Apr/2021:05:01:42 +0000] \"GET /user/quizAnswer/6062ee903bb6c0044caea00c/6062f77dd8df533268f0ba93 HTTP/1.1\" 200 652 \"-\" \"PostmanRuntime/7.26.10\"\n","level":"info","timestamp":"Apr-01-2021 10:31:42"}
{"message":"\t::1 - - [01/Apr/2021:05:02:42 +0000] \"GET /user/quizAnswer/6062ee903bb6c0044caea00c/6062f77dd8df533268f0ba93 HTTP/1.1\" 200 62 \"-\" \"PostmanRuntime/7.26.10\"\n","level":"info","timestamp":"Apr-01-2021 10:32:42"}
{"message":"\t::1 - - [01/Apr/2021:05:02:55 +0000] \"GET /user/quizAnswer/6062ee903bb6c0044caea00c/6062f77dd8df533268f0ba93 HTTP/1.1\" 200 652 \"-\" \"PostmanRuntime/7.26.10\"\n","level":"info","timestamp":"Apr-01-2021 10:32:55"}
{"message":"\t::1 - - [01/Apr/2021:05:03:16 +0000] \"GET /user/quizAnswer/6062ee903bb6c0044caea00c/6062f77dd8df533268f0ba93 HTTP/1.1\" 200 487 \"-\" \"PostmanRuntime/7.26.10\"\n","level":"info","timestamp":"Apr-01-2021 10:33:16"}
{"message":"\t::1 - - [01/Apr/2021:05:03:36 +0000] \"GET /user/quizAnswer/6062ee903bb6c0044caea00c/6062f77dd8df533268f0ba93 HTTP/1.1\" 200 202 \"-\" \"PostmanRuntime/7.26.10\"\n","level":"info","timestamp":"Apr-01-2021 10:33:36"}
{"message":"\t::ffff:127.0.0.1 - - [01/Apr/2021:05:03:49 +0000] \"GET /user/quizAnswer/6062ee903bb6c0044caea00c/6062f77dd8df533268f0ba93 HTTP/1.1\" 200 487 \"-\" \"PostmanRuntime/7.26.10\"\n","level":"info","timestamp":"Apr-01-2021 10:33:49"}
{"message":"\t::1 - - [01/Apr/2021:05:06:06 +0000] \"GET /user/quizAnswer/6062ee903bb6c0044caea00c/6062f77dd8df533268f0ba93 HTTP/1.1\" 200 577 \"-\" \"PostmanRuntime/7.26.10\"\n","level":"info","timestamp":"Apr-01-2021 10:36:06"}
{"message":"\t::1 - - [01/Apr/2021:05:08:39 +0000] \"GET /user/quizAnswer/6062ee903bb6c0044caea00c/6062f77dd8df533268f0ba93 HTTP/1.1\" 400 83 \"-\" \"PostmanRuntime/7.26.10\"\n","level":"info","timestamp":"Apr-01-2021 10:38:39"}
{"message":"\t::1 - - [01/Apr/2021:05:12:51 +0000] \"GET /user/quizAnswer/6062ee903bb6c0044caea00c/6062f77dd8df533268f0ba93 HTTP/1.1\" 400 81 \"-\" \"PostmanRuntime/7.26.10\"\n","level":"info","timestamp":"Apr-01-2021 10:42:51"}
{"message":"\t::1 - - [01/Apr/2021:05:13:39 +0000] \"GET /user/quizAnswer/6062ee903bb6c0044caea00c/6062f77dd8df533268f0ba93 HTTP/1.1\" 400 123 \"-\" \"PostmanRuntime/7.26.10\"\n","level":"info","timestamp":"Apr-01-2021 10:43:39"}
{"message":"\t::1 - - [01/Apr/2021:05:16:15 +0000] \"GET /user/quizAnswer/6062ee903bb6c0044caea00c/6062f77dd8df533268f0ba93 HTTP/1.1\" 400 61 \"-\" \"PostmanRuntime/7.26.10\"\n","level":"info","timestamp":"Apr-01-2021 10:46:15"}
{"message":"\t::1 - - [01/Apr/2021:05:16:26 +0000] \"GET /user/quizAnswer/6062ee903bb6c0044caea00c/6062f77dd8df533268f0ba93 HTTP/1.1\" 200 28 \"-\" \"PostmanRuntime/7.26.10\"\n","level":"info","timestamp":"Apr-01-2021 10:46:26"}
{"message":"\t::1 - - [01/Apr/2021:05:16:37 +0000] \"GET /user/quizAnswer/6062ee903bb6c0044caea00c/6062f77dd8df533268f0ba93 HTTP/1.1\" 200 487 \"-\" \"PostmanRuntime/7.26.10\"\n","level":"info","timestamp":"Apr-01-2021 10:46:37"}
{"message":"\t::1 - - [01/Apr/2021:05:17:32 +0000] \"GET /user/quizAnswer/6062ee903bb6c0044caea00c/6062f77dd8df533268f0ba93 HTTP/1.1\" 200 1402 \"-\" \"PostmanRuntime/7.26.10\"\n","level":"info","timestamp":"Apr-01-2021 10:47:32"}
{"message":"\t::1 - - [01/Apr/2021:06:05:15 +0000] \"GET /user/quizAnswer/6062ee903bb6c0044caea00c/6062f77dd8df533268f0ba93 HTTP/1.1\" 200 1402 \"-\" \"PostmanRuntime/7.26.10\"\n","level":"info","timestamp":"Apr-01-2021 11:35:15"}
{"message":"\t::1 - - [01/Apr/2021:06:08:03 +0000] \"GET /user/quizAnswer/6062ee903bb6c0044caea00c/6062f77dd8df533268f0ba93 HTTP/1.1\" 200 28 \"-\" \"PostmanRuntime/7.26.10\"\n","level":"info","timestamp":"Apr-01-2021 11:38:03"}
{"message":"\t::ffff:127.0.0.1 - - [01/Apr/2021:06:08:30 +0000] \"GET /user/quizAnswer/6062ee903bb6c0044caea00c/6062f77dd8df533268f0ba93 HTTP/1.1\" 200 28 \"-\" \"PostmanRuntime/7.26.10\"\n","level":"info","timestamp":"Apr-01-2021 11:38:30"}
{"message":"\t::ffff:127.0.0.1 - - [01/Apr/2021:06:08:42 +0000] \"GET /user/quizAnswer/6062ee903bb6c0044caea00c/6062f77dd8df533268f0ba93 HTTP/1.1\" 200 1402 \"-\" \"PostmanRuntime/7.26.10\"\n","level":"info","timestamp":"Apr-01-2021 11:38:42"}
{"message":"\t::1 - - [01/Apr/2021:06:09:27 +0000] \"GET /user/quizAnswer/6062ee903bb6c0044caea00c/6062f77dd8df533268f0ba93 HTTP/1.1\" 400 82 \"-\" \"PostmanRuntime/7.26.10\"\n","level":"info","timestamp":"Apr-01-2021 11:39:27"}
{"message":"\t::1 - - [01/Apr/2021:06:11:01 +0000] \"GET /user/quizAnswer/6062ee903bb6c0044caea00c/6062f77dd8df533268f0ba93 HTTP/1.1\" 400 82 \"-\" \"PostmanRuntime/7.26.10\"\n","level":"info","timestamp":"Apr-01-2021 11:41:01"}
{"message":"\t::1 - - [01/Apr/2021:06:11:09 +0000] \"GET /user/quizAnswer/6062ee903bb6c0044caea00c/6062f77dd8df533268f0ba93 HTTP/1.1\" 400 83 \"-\" \"PostmanRuntime/7.26.10\"\n","level":"info","timestamp":"Apr-01-2021 11:41:09"}
{"message":"\t::1 - - [01/Apr/2021:06:12:02 +0000] \"GET /user/quizAnswer/6062ee903bb6c0044caea00c/6062f77dd8df533268f0ba93 HTTP/1.1\" 200 2140 \"-\" \"PostmanRuntime/7.26.10\"\n","level":"info","timestamp":"Apr-01-2021 11:42:02"}
{"message":"\t::1 - - [01/Apr/2021:06:15:53 +0000] \"GET /user/quizAnswer/6062ee903bb6c0044caea00c/6062f77dd8df533268f0ba93 HTTP/1.1\" 200 28 \"-\" \"PostmanRuntime/7.26.10\"\n","level":"info","timestamp":"Apr-01-2021 11:45:53"}
{"message":"\t::1 - - [01/Apr/2021:06:18:30 +0000] \"GET /user/quizAnswer/6062ee903bb6c0044caea00c/6062f77dd8df533268f0ba93 HTTP/1.1\" 400 64 \"-\" \"PostmanRuntime/7.26.10\"\n","level":"info","timestamp":"Apr-01-2021 11:48:30"}
{"message":"\t::1 - - [01/Apr/2021:06:18:44 +0000] \"GET /user/quizAnswer/6062ee903bb6c0044caea00c/6062f77dd8df533268f0ba93 HTTP/1.1\" 400 109 \"-\" \"PostmanRuntime/7.26.10\"\n","level":"info","timestamp":"Apr-01-2021 11:48:44"}
{"message":"\t::1 - - [01/Apr/2021:06:19:12 +0000] \"GET /user/quizAnswer/6062ee903bb6c0044caea00c/6062f77dd8df533268f0ba93 HTTP/1.1\" 400 64 \"-\" \"PostmanRuntime/7.26.10\"\n","level":"info","timestamp":"Apr-01-2021 11:49:12"}
{"message":"\t::1 - - [01/Apr/2021:06:19:23 +0000] \"GET /user/quizAnswer/6062ee903bb6c0044caea00c/6062f77dd8df533268f0ba93 HTTP/1.1\" 200 1402 \"-\" \"PostmanRuntime/7.26.10\"\n","level":"info","timestamp":"Apr-01-2021 11:49:23"}
{"message":"\t::1 - - [01/Apr/2021:06:19:47 +0000] \"GET /user/quizAnswer/6062ee903bb6c0044caea00c/6062f77dd8df533268f0ba93 HTTP/1.1\" 400 109 \"-\" \"PostmanRuntime/7.26.10\"\n","level":"info","timestamp":"Apr-01-2021 11:49:47"}
{"message":"\t::1 - - [01/Apr/2021:06:20:01 +0000] \"GET /user/quizAnswer/6062ee903bb6c0044caea00c/6062f77dd8df533268f0ba93 HTTP/1.1\" 200 1547 \"-\" \"PostmanRuntime/7.26.10\"\n","level":"info","timestamp":"Apr-01-2021 11:50:01"}
{"message":"\t::1 - - [01/Apr/2021:06:20:12 +0000] \"GET /user/quizAnswer/6062ee903bb6c0044caea00c/6062f77dd8df533268f0ba93 HTTP/1.1\" 200 1552 \"-\" \"PostmanRuntime/7.26.10\"\n","level":"info","timestamp":"Apr-01-2021 11:50:12"}
{"message":"\t::1 - - [01/Apr/2021:06:20:21 +0000] \"GET /user/quizAnswer/6062ee903bb6c0044caea00c/6062f77dd8df533268f0ba93 HTTP/1.1\" 200 1552 \"-\" \"PostmanRuntime/7.26.10\"\n","level":"info","timestamp":"Apr-01-2021 11:50:21"}
{"message":"\t::1 - - [01/Apr/2021:06:20:29 +0000] \"GET /user/quizAnswer/6062ee903bb6c0044caea00c/6062f77dd8df533268f0ba93 HTTP/1.1\" 200 1402 \"-\" \"PostmanRuntime/7.26.10\"\n","level":"info","timestamp":"Apr-01-2021 11:50:29"}
{"message":"\t::1 - - [01/Apr/2021:06:23:54 +0000] \"GET /user/quizAnswer/6062ee903bb6c0044caea00c/6062f77dd8df533268f0ba93 HTTP/1.1\" 200 487 \"-\" \"PostmanRuntime/7.26.10\"\n","level":"info","timestamp":"Apr-01-2021 11:53:54"}
{"message":"\t::1 - - [01/Apr/2021:06:25:39 +0000] \"GET /user/quizAnswer/6062ee903bb6c0044caea00c/6062f77dd8df533268f0ba93 HTTP/1.1\" 200 537 \"-\" \"PostmanRuntime/7.26.10\"\n","level":"info","timestamp":"Apr-01-2021 11:55:39"}
{"message":"\t::1 - - [01/Apr/2021:06:26:13 +0000] \"GET /user/quizAnswer/6062ee903bb6c0044caea00c/6062f77dd8df533268f0ba93 HTTP/1.1\" 200 662 \"-\" \"PostmanRuntime/7.26.10\"\n","level":"info","timestamp":"Apr-01-2021 11:56:13"}
{"message":"\t::ffff:127.0.0.1 - - [01/Apr/2021:06:26:28 +0000] \"GET /user/quizAnswer/6062ee903bb6c0044caea00c/6062f77dd8df533268f0ba93 HTTP/1.1\" 200 662 \"-\" \"PostmanRuntime/7.26.10\"\n","level":"info","timestamp":"Apr-01-2021 11:56:28"}
{"message":"\t::1 - - [01/Apr/2021:06:26:51 +0000] \"GET /user/quizAnswer/6062ee903bb6c0044caea00c/6062f77dd8df533268f0ba93 HTTP/1.1\" 200 1402 \"-\" \"PostmanRuntime/7.26.10\"\n","level":"info","timestamp":"Apr-01-2021 11:56:51"}
{"message":"\t::1 - - [01/Apr/2021:06:28:01 +0000] \"GET /user/quizAnswer/6062ee903bb6c0044caea00c/6062f77dd8df533268f0ba93 HTTP/1.1\" 200 932 \"-\" \"PostmanRuntime/7.26.10\"\n","level":"info","timestamp":"Apr-01-2021 11:58:01"}
{"message":"\t::1 - - [01/Apr/2021:06:29:41 +0000] \"POST /user/quizAnswer/6062ee903bb6c0044caea00c/6062f77dd8df533268f0ba93 HTTP/1.1\" 200 705 \"-\" \"PostmanRuntime/7.26.10\"\n","level":"info","timestamp":"Apr-01-2021 11:59:41"}
{"message":"\t::1 - - [01/Apr/2021:06:29:58 +0000] \"GET /user/quizAnswer/6062ee903bb6c0044caea00c/6062f77dd8df533268f0ba93 HTTP/1.1\" 200 1322 \"-\" \"PostmanRuntime/7.26.10\"\n","level":"info","timestamp":"Apr-01-2021 11:59:58"}
{"message":"\t::1 - - [01/Apr/2021:06:30:21 +0000] \"GET /user/quizAnswer/6062ee903bb6c0044caea00c/6062f77dd8df533268f0ba93 HTTP/1.1\" 200 502 \"-\" \"PostmanRuntime/7.26.10\"\n","level":"info","timestamp":"Apr-01-2021 12:00:21"}
{"message":"\t::1 - - [01/Apr/2021:06:30:43 +0000] \"GET /user/quizAnswer/6062ee903bb6c0044caea00c/6062f77dd8df533268f0ba93 HTTP/1.1\" 200 457 \"-\" \"PostmanRuntime/7.26.10\"\n","level":"info","timestamp":"Apr-01-2021 12:00:43"}
{"message":"\t::1 - - [01/Apr/2021:06:31:27 +0000] \"GET /user/quizAnswer/6062ee903bb6c0044caea00c/6062f77dd8df533268f0ba93 HTTP/1.1\" 400 83 \"-\" \"PostmanRuntime/7.26.10\"\n","level":"info","timestamp":"Apr-01-2021 12:01:27"}
{"message":"\t::1 - - [01/Apr/2021:06:31:51 +0000] \"GET /user/quizAnswer/6062ee903bb6c0044caea00c/6062f77dd8df533268f0ba93 HTTP/1.1\" 200 380 \"-\" \"PostmanRuntime/7.26.10\"\n","level":"info","timestamp":"Apr-01-2021 12:01:51"}
{"message":"\t::1 - - [01/Apr/2021:06:36:11 +0000] \"GET /user/quizAnswer/6062ee903bb6c0044caea00c/6062f77dd8df533268f0ba93 HTTP/1.1\" 200 327 \"-\" \"PostmanRuntime/7.26.10\"\n","level":"info","timestamp":"Apr-01-2021 12:06:11"}
{"message":"\t::1 - - [01/Apr/2021:06:36:36 +0000] \"GET /user/quizAnswer/6062ee903bb6c0044caea00c/6062f77dd8df533268f0ba93 HTTP/1.1\" 200 327 \"-\" \"PostmanRuntime/7.26.10\"\n","level":"info","timestamp":"Apr-01-2021 12:06:36"}
{"message":"\t::1 - - [01/Apr/2021:06:36:58 +0000] \"GET /user/quizAnswer/6062ee903bb6c0044caea00c/6062f77dd8df533268f0ba93 HTTP/1.1\" 200 327 \"-\" \"PostmanRuntime/7.26.10\"\n","level":"info","timestamp":"Apr-01-2021 12:06:58"}
{"message":"\t::1 - - [01/Apr/2021:06:37:12 +0000] \"GET /user/quizAnswer/6062ee903bb6c0044caea00c/6062f77dd8df533268f0ba93 HTTP/1.1\" 200 417 \"-\" \"PostmanRuntime/7.26.10\"\n","level":"info","timestamp":"Apr-01-2021 12:07:12"}
{"message":"\t::1 - - [01/Apr/2021:06:38:06 +0000] \"GET /user/quizAnswer/6062ee903bb6c0044caea00c/6062f77dd8df533268f0ba93 HTTP/1.1\" 400 102 \"-\" \"PostmanRuntime/7.26.10\"\n","level":"info","timestamp":"Apr-01-2021 12:08:06"}
{"message":"\t::1 - - [01/Apr/2021:06:38:46 +0000] \"GET /user/quizAnswer/6062ee903bb6c0044caea00c/6062f77dd8df533268f0ba93 HTTP/1.1\" 200 467 \"-\" \"PostmanRuntime/7.26.10\"\n","level":"info","timestamp":"Apr-01-2021 12:08:46"}
{"message":"\t::1 - - [01/Apr/2021:06:39:54 +0000] \"GET /user/quizAnswer/6062ee903bb6c0044caea00c/6062f77dd8df533268f0ba93 HTTP/1.1\" 200 479 \"-\" \"PostmanRuntime/7.26.10\"\n","level":"info","timestamp":"Apr-01-2021 12:09:54"}
{"message":"\t::1 - - [01/Apr/2021:06:40:46 +0000] \"GET /user/quizAnswer/6062ee903bb6c0044caea00c/6062f77dd8df533268f0ba93 HTTP/1.1\" 200 475 \"-\" \"PostmanRuntime/7.26.10\"\n","level":"info","timestamp":"Apr-01-2021 12:10:46"}
{"message":"\t::1 - - [01/Apr/2021:06:41:09 +0000] \"GET /user/quizAnswer/6062ee903bb6c0044caea00c/6062f77dd8df533268f0ba93 HTTP/1.1\" 200 467 \"-\" \"PostmanRuntime/7.26.10\"\n","level":"info","timestamp":"Apr-01-2021 12:11:09"}
{"message":"\t::1 - - [01/Apr/2021:06:43:31 +0000] \"GET /user/quizAnswer/6062ee903bb6c0044caea00c/6062f77dd8df533268f0ba93 HTTP/1.1\" 400 205 \"-\" \"PostmanRuntime/7.26.10\"\n","level":"info","timestamp":"Apr-01-2021 12:13:31"}
{"message":"\t::1 - - [01/Apr/2021:06:43:43 +0000] \"GET /user/quizAnswer/6062ee903bb6c0044caea00c/6062f77dd8df533268f0ba93 HTTP/1.1\" 400 109 \"-\" \"PostmanRuntime/7.26.10\"\n","level":"info","timestamp":"Apr-01-2021 12:13:43"}
{"message":"\t::1 - - [01/Apr/2021:06:44:16 +0000] \"GET /user/quizAnswer/6062ee903bb6c0044caea00c/6062f77dd8df533268f0ba93 HTTP/1.1\" 400 99 \"-\" \"PostmanRuntime/7.26.10\"\n","level":"info","timestamp":"Apr-01-2021 12:14:16"}
{"message":"\t::1 - - [01/Apr/2021:06:45:06 +0000] \"GET /user/quizAnswer/6062ee903bb6c0044caea00c/6062f77dd8df533268f0ba93 HTTP/1.1\" 200 467 \"-\" \"PostmanRuntime/7.26.10\"\n","level":"info","timestamp":"Apr-01-2021 12:15:06"}
{"message":"\t::1 - - [01/Apr/2021:06:46:13 +0000] \"GET /user/quizAnswer/6062ee903bb6c0044caea00c/6062f77dd8df533268f0ba93 HTTP/1.1\" 200 467 \"-\" \"PostmanRuntime/7.26.10\"\n","level":"info","timestamp":"Apr-01-2021 12:16:13"}
{"message":"\t::1 - - [01/Apr/2021:06:47:00 +0000] \"GET /user/quizAnswer/6062ee903bb6c0044caea00c/6062f77dd8df533268f0ba93 HTTP/1.1\" 200 422 \"-\" \"PostmanRuntime/7.26.10\"\n","level":"info","timestamp":"Apr-01-2021 12:17:00"}
{"message":"\t::1 - - [01/Apr/2021:06:47:24 +0000] \"GET /user/quizAnswer/6062ee903bb6c0044caea00c/6062f77dd8df533268f0ba93 HTTP/1.1\" 200 428 \"-\" \"PostmanRuntime/7.26.10\"\n","level":"info","timestamp":"Apr-01-2021 12:17:24"}
{"message":"\t::1 - - [01/Apr/2021:06:47:37 +0000] \"GET /user/quizAnswer/6062ee903bb6c0044caea00c/6062f77dd8df533268f0ba93 HTTP/1.1\" 400 109 \"-\" \"PostmanRuntime/7.26.10\"\n","level":"info","timestamp":"Apr-01-2021 12:17:37"}
{"message":"\t::1 - - [01/Apr/2021:06:47:53 +0000] \"GET /user/quizAnswer/6062ee903bb6c0044caea00c/6062f77dd8df533268f0ba93 HTTP/1.1\" 200 422 \"-\" \"PostmanRuntime/7.26.10\"\n","level":"info","timestamp":"Apr-01-2021 12:17:53"}
{"message":"\t::1 - - [01/Apr/2021:06:48:48 +0000] \"GET /user/quizAnswer/6062ee903bb6c0044caea00c/6062f77dd8df533268f0ba93 HTTP/1.1\" 200 512 \"-\" \"PostmanRuntime/7.26.10\"\n","level":"info","timestamp":"Apr-01-2021 12:18:48"}
{"message":"\t::1 - - [01/Apr/2021:06:49:18 +0000] \"GET /user/quizAnswer/6062ee903bb6c0044caea00c/6062f77dd8df533268f0ba93 HTTP/1.1\" 200 512 \"-\" \"PostmanRuntime/7.26.10\"\n","level":"info","timestamp":"Apr-01-2021 12:19:18"}
{"message":"\t::1 - - [01/Apr/2021:06:49:23 +0000] \"GET /user/quizAnswer/6062ee903bb6c0044caea00c/6062f77dd8df533268f0ba93 HTTP/1.1\" 200 512 \"-\" \"PostmanRuntime/7.26.10\"\n","level":"info","timestamp":"Apr-01-2021 12:19:23"}
{"message":"\t::1 - - [01/Apr/2021:06:49:57 +0000] \"GET /user/quizAnswer/6062ee903bb6c0044caea00c/6062f77dd8df533268f0ba93 HTTP/1.1\" 200 497 \"-\" \"PostmanRuntime/7.26.10\"\n","level":"info","timestamp":"Apr-01-2021 12:19:57"}
{"message":"\t::1 - - [01/Apr/2021:06:50:40 +0000] \"GET /user/quizAnswer/6062ee903bb6c0044caea00c/6062f77dd8df533268f0ba93 HTTP/1.1\" 200 112 \"-\" \"PostmanRuntime/7.26.10\"\n","level":"info","timestamp":"Apr-01-2021 12:20:40"}
{"message":"\t::1 - - [01/Apr/2021:06:50:56 +0000] \"GET /user/quizAnswer/6062ee903bb6c0044caea00c/6062f77dd8df533268f0ba93 HTTP/1.1\" 200 422 \"-\" \"PostmanRuntime/7.26.10\"\n","level":"info","timestamp":"Apr-01-2021 12:20:56"}
{"message":"\t::1 - - [01/Apr/2021:06:51:33 +0000] \"GET /user/quizAnswer/6062ee903bb6c0044caea00c/6062f77dd8df533268f0ba93 HTTP/1.1\" 400 78 \"-\" \"PostmanRuntime/7.26.10\"\n","level":"info","timestamp":"Apr-01-2021 12:21:33"}
{"message":"\t::1 - - [01/Apr/2021:06:51:51 +0000] \"GET /user/quizAnswer/6062ee903bb6c0044caea00c/6062f77dd8df533268f0ba93 HTTP/1.1\" 200 47 \"-\" \"PostmanRuntime/7.26.10\"\n","level":"info","timestamp":"Apr-01-2021 12:21:51"}
{"message":"\t::1 - - [01/Apr/2021:06:53:03 +0000] \"GET /user/quizAnswer/6062ee903bb6c0044caea00c/6062f77dd8df533268f0ba93 HTTP/1.1\" 200 422 \"-\" \"PostmanRuntime/7.26.10\"\n","level":"info","timestamp":"Apr-01-2021 12:23:03"}
{"message":"\t::1 - - [01/Apr/2021:06:53:19 +0000] \"GET /user/quizAnswer/6062ee903bb6c0044caea00c/6062f77dd8df533268f0ba93 HTTP/1.1\" 200 422 \"-\" \"PostmanRuntime/7.26.10\"\n","level":"info","timestamp":"Apr-01-2021 12:23:19"}
{"message":"\t::1 - - [01/Apr/2021:06:53:31 +0000] \"GET /user/quizAnswer/6062ee903bb6c0044caea00c/6062f77dd8df533268f0ba93 HTTP/1.1\" 200 587 \"-\" \"PostmanRuntime/7.26.10\"\n","level":"info","timestamp":"Apr-01-2021 12:23:31"}
{"message":"\t::1 - - [01/Apr/2021:06:54:00 +0000] \"GET /user/quizAnswer/6062ee903bb6c0044caea00c/6062f77dd8df533268f0ba93 HTTP/1.1\" 200 62 \"-\" \"PostmanRuntime/7.26.10\"\n","level":"info","timestamp":"Apr-01-2021 12:24:00"}
{"message":"\t::1 - - [01/Apr/2021:06:54:25 +0000] \"GET /user/quizAnswer/6062ee903bb6c0044caea00c/6062f77dd8df533268f0ba93 HTTP/1.1\" 200 77 \"-\" \"PostmanRuntime/7.26.10\"\n","level":"info","timestamp":"Apr-01-2021 12:24:25"}
{"message":"\t::1 - - [01/Apr/2021:06:55:48 +0000] \"GET /user/quizAnswer/6062ee903bb6c0044caea00c/6062f77dd8df533268f0ba93 HTTP/1.1\" 200 587 \"-\" \"PostmanRuntime/7.26.10\"\n","level":"info","timestamp":"Apr-01-2021 12:25:48"}
{"message":"\t::1 - - [01/Apr/2021:06:57:14 +0000] \"POST /user/quizAnswer/6062ee903bb6c0044caea00c/6062f781d8df533268f0ba94 HTTP/1.1\" 200 705 \"-\" \"PostmanRuntime/7.26.10\"\n","level":"info","timestamp":"Apr-01-2021 12:27:14"}
{"message":"\t::1 - - [01/Apr/2021:06:57:39 +0000] \"GET /user/quizAnswer/6062ee903bb6c0044caea00c/6062f781d8df533268f0ba94 HTTP/1.1\" 200 77 \"-\" \"PostmanRuntime/7.26.10\"\n","level":"info","timestamp":"Apr-01-2021 12:27:39"}
{"message":"\t::1 - - [01/Apr/2021:06:58:10 +0000] \"GET /user/quizAnswer/6062ee903bb6c0044caea00c/6062f781d8df533268f0ba94 HTTP/1.1\" 200 412 \"-\" \"PostmanRuntime/7.26.10\"\n","level":"info","timestamp":"Apr-01-2021 12:28:10"}
{"message":"\t::1 - - [01/Apr/2021:06:58:32 +0000] \"GET /user/quizAnswer/6062ee903bb6c0044caea00c/6062f781d8df533268f0ba94 HTTP/1.1\" 200 412 \"-\" \"PostmanRuntime/7.26.10\"\n","level":"info","timestamp":"Apr-01-2021 12:28:32"}
{"message":"\t::1 - - [01/Apr/2021:06:58:49 +0000] \"GET /user/quizAnswer/6062ee903bb6c0044caea00c/6062f781d8df533268f0ba94 HTTP/1.1\" 200 412 \"-\" \"PostmanRuntime/7.26.10\"\n","level":"info","timestamp":"Apr-01-2021 12:28:49"}
{"message":"\t::1 - - [01/Apr/2021:06:59:04 +0000] \"GET /user/quizAnswer/6062ee903bb6c0044caea00c/6062f781d8df533268f0ba94 HTTP/1.1\" 200 582 \"-\" \"PostmanRuntime/7.26.10\"\n","level":"info","timestamp":"Apr-01-2021 12:29:04"}
{"message":"\t::1 - - [01/Apr/2021:06:59:39 +0000] \"GET /user/quizAnswer/6062ee903bb6c0044caea00c/6062f781d8df533268f0ba94 HTTP/1.1\" 200 582 \"-\" \"PostmanRuntime/7.26.10\"\n","level":"info","timestamp":"Apr-01-2021 12:29:39"}
{"message":"\t::1 - - [01/Apr/2021:07:00:06 +0000] \"GET /user/quizAnswer/6062ee903bb6c0044caea00c/6062f781d8df533268f0ba94 HTTP/1.1\" 200 1172 \"-\" \"PostmanRuntime/7.26.10\"\n","level":"info","timestamp":"Apr-01-2021 12:30:06"}
{"message":"\t::1 - - [01/Apr/2021:07:01:42 +0000] \"GET /user/quizAnswer/6062ee903bb6c0044caea00c/6062f781d8df533268f0ba94 HTTP/1.1\" 200 1352 \"-\" \"PostmanRuntime/7.26.10\"\n","level":"info","timestamp":"Apr-01-2021 12:31:42"}
{"message":"\t::1 - - [01/Apr/2021:07:02:13 +0000] \"GET /user/quizAnswer/6062ee903bb6c0044caea00c/6062f781d8df533268f0ba94 HTTP/1.1\" 200 1352 \"-\" \"PostmanRuntime/7.26.10\"\n","level":"info","timestamp":"Apr-01-2021 12:32:13"}
{"message":"\t::1 - - [01/Apr/2021:07:03:40 +0000] \"GET /user/quizAnswer/6062ee903bb6c0044caea00c/6062f781d8df533268f0ba94 HTTP/1.1\" 400 69 \"-\" \"PostmanRuntime/7.26.10\"\n","level":"info","timestamp":"Apr-01-2021 12:33:40"}
{"message":"\t::1 - - [01/Apr/2021:07:04:29 +0000] \"GET /user/quizAnswer/6062ee903bb6c0044caea00c/6062f781d8df533268f0ba94 HTTP/1.1\" 400 69 \"-\" \"PostmanRuntime/7.26.10\"\n","level":"info","timestamp":"Apr-01-2021 12:34:29"}
{"message":"\t::1 - - [01/Apr/2021:07:05:14 +0000] \"GET /user/quizAnswer/6062ee903bb6c0044caea00c/6062f781d8df533268f0ba94 HTTP/1.1\" 200 2060 \"-\" \"PostmanRuntime/7.26.10\"\n","level":"info","timestamp":"Apr-01-2021 12:35:14"}
{"message":"\t::1 - - [01/Apr/2021:07:05:40 +0000] \"GET /user/quizAnswer/6062ee903bb6c0044caea00c/6062f781d8df533268f0ba94 HTTP/1.1\" 200 757 \"-\" \"PostmanRuntime/7.26.10\"\n","level":"info","timestamp":"Apr-01-2021 12:35:40"}
{"message":"\t::1 - - [01/Apr/2021:07:05:49 +0000] \"GET /user/quizAnswer/6062ee903bb6c0044caea00c/6062f781d8df533268f0ba94 HTTP/1.1\" 200 77 \"-\" \"PostmanRuntime/7.26.10\"\n","level":"info","timestamp":"Apr-01-2021 12:35:49"}
{"message":"\t::1 - - [01/Apr/2021:07:05:58 +0000] \"GET /user/quizAnswer/6062ee903bb6c0044caea00c/6062f781d8df533268f0ba94 HTTP/1.1\" 200 757 \"-\" \"PostmanRuntime/7.26.10\"\n","level":"info","timestamp":"Apr-01-2021 12:35:58"}
{"message":"\t::1 - - [01/Apr/2021:07:06:57 +0000] \"GET /user/quizAnswer/6062ee903bb6c0044caea00c/6062f781d8df533268f0ba94 HTTP/1.1\" 200 757 \"-\" \"PostmanRuntime/7.26.10\"\n","level":"info","timestamp":"Apr-01-2021 12:36:57"}
{"message":"\t::1 - - [01/Apr/2021:07:07:15 +0000] \"GET /user/quizAnswer/6062ee903bb6c0044caea00c/6062f781d8df533268f0ba94 HTTP/1.1\" 200 1587 \"-\" \"PostmanRuntime/7.26.10\"\n","level":"info","timestamp":"Apr-01-2021 12:37:15"}
{"message":"\t::1 - - [01/Apr/2021:07:07:49 +0000] \"GET /user/quizAnswer/6062ee903bb6c0044caea00c/6062f781d8df533268f0ba94 HTTP/1.1\" 200 2060 \"-\" \"PostmanRuntime/7.26.10\"\n","level":"info","timestamp":"Apr-01-2021 12:37:49"}
{"message":"\t::ffff:127.0.0.1 - - [01/Apr/2021:07:09:05 +0000] \"GET /user/quizAnswer/6062ee903bb6c0044caea00c/6062f781d8df533268f0ba94 HTTP/1.1\" 200 2240 \"-\" \"PostmanRuntime/7.26.10\"\n","level":"info","timestamp":"Apr-01-2021 12:39:05"}
{"message":"\t::1 - - [01/Apr/2021:07:09:36 +0000] \"GET /user/quizAnswer/6062ee903bb6c0044caea00c/6062f781d8df533268f0ba94 HTTP/1.1\" 200 2240 \"-\" \"PostmanRuntime/7.26.10\"\n","level":"info","timestamp":"Apr-01-2021 12:39:36"}
{"message":"\t::1 - - [01/Apr/2021:07:10:31 +0000] \"GET /user/quizAnswer/6062ee903bb6c0044caea00c/6062f781d8df533268f0ba94 HTTP/1.1\" 400 57 \"-\" \"PostmanRuntime/7.26.10\"\n","level":"info","timestamp":"Apr-01-2021 12:40:31"}
{"message":"\t::1 - - [01/Apr/2021:07:10:41 +0000] \"GET /user/quizAnswer/6062ee903bb6c0044caea00c/6062f781d8df533268f0ba94 HTTP/1.1\" 200 1352 \"-\" \"PostmanRuntime/7.26.10\"\n","level":"info","timestamp":"Apr-01-2021 12:40:41"}
{"message":"\t::1 - - [01/Apr/2021:07:11:08 +0000] \"GET /user/quizAnswer/6062ee903bb6c0044caea00c/6062f781d8df533268f0ba94 HTTP/1.1\" 200 2240 \"-\" \"PostmanRuntime/7.26.10\"\n","level":"info","timestamp":"Apr-01-2021 12:41:08"}
{"message":"\t::1 - - [01/Apr/2021:07:12:50 +0000] \"GET /user/quizAnswer/6062ee903bb6c0044caea00c/6062f781d8df533268f0ba94 HTTP/1.1\" 200 5807 \"-\" \"PostmanRuntime/7.26.10\"\n","level":"info","timestamp":"Apr-01-2021 12:42:50"}
{"message":"\t::1 - - [01/Apr/2021:07:13:24 +0000] \"GET /user/quizAnswer/6062ee903bb6c0044caea00c/6062f781d8df533268f0ba94 HTTP/1.1\" 200 78 \"-\" \"PostmanRuntime/7.26.10\"\n","level":"info","timestamp":"Apr-01-2021 12:43:24"}
{"message":"\t::1 - - [01/Apr/2021:07:13:39 +0000] \"GET /user/quizAnswer/6062ee903bb6c0044caea00c/6062f781d8df533268f0ba94 HTTP/1.1\" 200 1587 \"-\" \"PostmanRuntime/7.26.10\"\n","level":"info","timestamp":"Apr-01-2021 12:43:39"}
{"message":"\t::1 - - [01/Apr/2021:07:14:14 +0000] \"GET /user/quizAnswer/6062ee903bb6c0044caea00c/6062f781d8df533268f0ba94 HTTP/1.1\" 200 5807 \"-\" \"PostmanRuntime/7.26.10\"\n","level":"info","timestamp":"Apr-01-2021 12:44:14"}
{"message":"\t::1 - - [01/Apr/2021:07:15:30 +0000] \"GET /user/quizAnswer/6062ee903bb6c0044caea00c/6062f781d8df533268f0ba94 HTTP/1.1\" 200 1587 \"-\" \"PostmanRuntime/7.26.10\"\n","level":"info","timestamp":"Apr-01-2021 12:45:30"}
{"message":"\t::1 - - [01/Apr/2021:07:16:44 +0000] \"GET /user/quizAnswer/6062ee903bb6c0044caea00c/6062f781d8df533268f0ba94 HTTP/1.1\" 200 1352 \"-\" \"PostmanRuntime/7.26.10\"\n","level":"info","timestamp":"Apr-01-2021 12:46:44"}
{"message":"\t::1 - - [01/Apr/2021:07:17:22 +0000] \"GET /user/quizAnswer/6062ee903bb6c0044caea00c/6062f781d8df533268f0ba94 HTTP/1.1\" 400 123 \"-\" \"PostmanRuntime/7.26.10\"\n","level":"info","timestamp":"Apr-01-2021 12:47:22"}
{"message":"\t::ffff:127.0.0.1 - - [01/Apr/2021:07:17:33 +0000] \"GET /user/quizAnswer/6062ee903bb6c0044caea00c/6062f781d8df533268f0ba94 HTTP/1.1\" 400 123 \"-\" \"PostmanRuntime/7.26.10\"\n","level":"info","timestamp":"Apr-01-2021 12:47:33"}
{"message":"\t::1 - - [01/Apr/2021:07:20:21 +0000] \"GET /user/quizAnswer/6062ee903bb6c0044caea00c/6062f781d8df533268f0ba94 HTTP/1.1\" 400 123 \"-\" \"PostmanRuntime/7.26.10\"\n","level":"info","timestamp":"Apr-01-2021 12:50:21"}
{"message":"\t::1 - - [01/Apr/2021:07:20:43 +0000] \"GET /user/quizAnswer/6062ee903bb6c0044caea00c/6062f781d8df533268f0ba94 HTTP/1.1\" 400 123 \"-\" \"PostmanRuntime/7.26.10\"\n","level":"info","timestamp":"Apr-01-2021 12:50:43"}
{"message":"\t::1 - - [01/Apr/2021:07:21:52 +0000] \"GET /user/quizAnswer/6062ee903bb6c0044caea00c/6062f781d8df533268f0ba94 HTTP/1.1\" - - \"-\" \"PostmanRuntime/7.26.10\"\n","level":"info","timestamp":"Apr-01-2021 12:51:52"}
{"message":"\t::1 - - [01/Apr/2021:07:23:58 +0000] \"GET /user/quizAnswer/6062ee903bb6c0044caea00c/6062f781d8df533268f0ba94 HTTP/1.1\" 400 123 \"-\" \"PostmanRuntime/7.26.10\"\n","level":"info","timestamp":"Apr-01-2021 12:53:58"}
{"message":"\t::1 - - [01/Apr/2021:07:24:25 +0000] \"GET /user/quizAnswer/6062ee903bb6c0044caea00c/6062f781d8df533268f0ba94 HTTP/1.1\" 400 123 \"-\" \"PostmanRuntime/7.26.10\"\n","level":"info","timestamp":"Apr-01-2021 12:54:25"}
{"message":"\t::1 - - [01/Apr/2021:07:26:01 +0000] \"GET /user/quizAnswer/6062ee903bb6c0044caea00c/6062f781d8df533268f0ba94 HTTP/1.1\" 400 123 \"-\" \"PostmanRuntime/7.26.10\"\n","level":"info","timestamp":"Apr-01-2021 12:56:01"}
{"message":"\t::1 - - [01/Apr/2021:08:39:04 +0000] \"GET /quiz/question/6062f77dd8df533268f0ba93 HTTP/1.1\" 200 1218 \"-\" \"PostmanRuntime/7.26.10\"\n","level":"info","timestamp":"Apr-01-2021 14:09:04"}
{"message":"\t::1 - - [01/Apr/2021:08:39:34 +0000] \"GET /user/quizAnswer/6062ee903bb6c0044caea00c/6062f781d8df533268f0ba94 HTTP/1.1\" 200 1587 \"-\" \"PostmanRuntime/7.26.10\"\n","level":"info","timestamp":"Apr-01-2021 14:09:34"}
{"message":"\t::1 - - [01/Apr/2021:08:40:53 +0000] \"GET /user/quizAnswer/6062ee903bb6c0044caea00c/6062f781d8df533268f0ba94 HTTP/1.1\" 200 1587 \"-\" \"PostmanRuntime/7.26.10\"\n","level":"info","timestamp":"Apr-01-2021 14:10:53"}
{"message":"\t::ffff:127.0.0.1 - - [01/Apr/2021:08:41:37 +0000] \"GET /user/quizAnswer/6062ee903bb6c0044caea00c/6062f781d8df533268f0ba94 HTTP/1.1\" 200 2240 \"-\" \"PostmanRuntime/7.26.10\"\n","level":"info","timestamp":"Apr-01-2021 14:11:37"}
{"message":"\t::1 - - [01/Apr/2021:08:42:26 +0000] \"GET /user/quizAnswer/6062ee903bb6c0044caea00c/6062f781d8df533268f0ba94 HTTP/1.1\" 200 2405 \"-\" \"PostmanRuntime/7.26.10\"\n","level":"info","timestamp":"Apr-01-2021 14:12:26"}
{"message":"\t::1 - - [01/Apr/2021:08:43:04 +0000] \"GET /user/quizAnswer/6062ee903bb6c0044caea00c/6062f781d8df533268f0ba94 HTTP/1.1\" 200 2405 \"-\" \"PostmanRuntime/7.26.10\"\n","level":"info","timestamp":"Apr-01-2021 14:13:04"}
{"message":"\t::1 - - [01/Apr/2021:08:45:18 +0000] \"GET /user/quizAnswer/6062ee903bb6c0044caea00c/6062f781d8df533268f0ba94 HTTP/1.1\" 200 1172 \"-\" \"PostmanRuntime/7.26.10\"\n","level":"info","timestamp":"Apr-01-2021 14:15:18"}
{"message":"\t::1 - - [01/Apr/2021:08:45:59 +0000] \"GET /user/quizAnswer/6062ee903bb6c0044caea00c/6062f781d8df533268f0ba94 HTTP/1.1\" 200 1172 \"-\" \"PostmanRuntime/7.26.10\"\n","level":"info","timestamp":"Apr-01-2021 14:15:59"}
{"message":"\t::1 - - [01/Apr/2021:08:46:13 +0000] \"GET /user/quizAnswer/6062ee903bb6c0044caea00c/6062f781d8df533268f0ba94 HTTP/1.1\" 200 1172 \"-\" \"PostmanRuntime/7.26.10\"\n","level":"info","timestamp":"Apr-01-2021 14:16:13"}
{"message":"\t::1 - - [01/Apr/2021:08:46:31 +0000] \"GET /user/quizAnswer/6062ee903bb6c0044caea00c/6062f781d8df533268f0ba94 HTTP/1.1\" 200 1587 \"-\" \"PostmanRuntime/7.26.10\"\n","level":"info","timestamp":"Apr-01-2021 14:16:31"}
{"message":"\t::1 - - [01/Apr/2021:08:46:48 +0000] \"GET /user/quizAnswer/6062ee903bb6c0044caea00c/6062f781d8df533268f0ba94 HTTP/1.1\" 200 6632 \"-\" \"PostmanRuntime/7.26.10\"\n","level":"info","timestamp":"Apr-01-2021 14:16:48"}
{"message":"\t::1 - - [01/Apr/2021:08:47:23 +0000] \"GET /user/quizAnswer/6062ee903bb6c0044caea00c/6062f781d8df533268f0ba94 HTTP/1.1\" 200 6632 \"-\" \"PostmanRuntime/7.26.10\"\n","level":"info","timestamp":"Apr-01-2021 14:17:23"}
{"message":"\t::1 - - [01/Apr/2021:08:47:51 +0000] \"GET /user/quizAnswer/6062ee903bb6c0044caea00c/6062f781d8df533268f0ba94 HTTP/1.1\" 400 65 \"-\" \"PostmanRuntime/7.26.10\"\n","level":"info","timestamp":"Apr-01-2021 14:17:51"}
{"message":"\t::1 - - [01/Apr/2021:08:48:40 +0000] \"GET /user/quizAnswer/6062ee903bb6c0044caea00c/6062f781d8df533268f0ba94 HTTP/1.1\" 400 62 \"-\" \"PostmanRuntime/7.26.10\"\n","level":"info","timestamp":"Apr-01-2021 14:18:40"}
{"message":"\t::1 - - [01/Apr/2021:08:49:05 +0000] \"GET /user/quizAnswer/6062ee903bb6c0044caea00c/6062f781d8df533268f0ba94 HTTP/1.1\" 200 11922 \"-\" \"PostmanRuntime/7.26.10\"\n","level":"info","timestamp":"Apr-01-2021 14:19:05"}
{"message":"\t::1 - - [01/Apr/2021:08:49:30 +0000] \"GET /user/quizAnswer/6062ee903bb6c0044caea00c/6062f781d8df533268f0ba94 HTTP/1.1\" 200 1587 \"-\" \"PostmanRuntime/7.26.10\"\n","level":"info","timestamp":"Apr-01-2021 14:19:30"}
{"message":"\t::1 - - [01/Apr/2021:08:51:17 +0000] \"GET /user/quizAnswer/6062ee903bb6c0044caea00c/6062f781d8df533268f0ba94 HTTP/1.1\" 200 1587 \"-\" \"PostmanRuntime/7.26.10\"\n","level":"info","timestamp":"Apr-01-2021 14:21:17"}
{"message":"\t::1 - - [01/Apr/2021:08:51:31 +0000] \"GET /user/quizAnswer/6062ee903bb6c0044caea00c/6062f781d8df533268f0ba94 HTTP/1.1\" 200 11922 \"-\" \"PostmanRuntime/7.26.10\"\n","level":"info","timestamp":"Apr-01-2021 14:21:31"}
{"message":"\t::1 - - [01/Apr/2021:08:52:57 +0000] \"GET /user/quizAnswer/6062ee903bb6c0044caea00c/6062f781d8df533268f0ba94 HTTP/1.1\" 200 10822 \"-\" \"PostmanRuntime/7.26.10\"\n","level":"info","timestamp":"Apr-01-2021 14:22:57"}
{"message":"\t::1 - - [01/Apr/2021:08:53:42 +0000] \"GET /user/quizAnswer/6062ee903bb6c0044caea00c/6062f781d8df533268f0ba94 HTTP/1.1\" 400 65 \"-\" \"PostmanRuntime/7.26.10\"\n","level":"info","timestamp":"Apr-01-2021 14:23:42"}
{"message":"\t::1 - - [01/Apr/2021:08:54:19 +0000] \"GET /user/quizAnswer/6062ee903bb6c0044caea00c/6062f781d8df533268f0ba94 HTTP/1.1\" 400 62 \"-\" \"PostmanRuntime/7.26.10\"\n","level":"info","timestamp":"Apr-01-2021 14:24:19"}
{"message":"\t::1 - - [01/Apr/2021:08:54:50 +0000] \"GET /user/quizAnswer/6062ee903bb6c0044caea00c/6062f781d8df533268f0ba94 HTTP/1.1\" 200 11922 \"-\" \"PostmanRuntime/7.26.10\"\n","level":"info","timestamp":"Apr-01-2021 14:24:50"}
{"message":"\t::1 - - [01/Apr/2021:08:55:16 +0000] \"GET /user/quizAnswer/6062ee903bb6c0044caea00c/6062f781d8df533268f0ba94 HTTP/1.1\" 200 6632 \"-\" \"PostmanRuntime/7.26.10\"\n","level":"info","timestamp":"Apr-01-2021 14:25:16"}
{"message":"\t::1 - - [01/Apr/2021:08:57:43 +0000] \"POST /user/quizAnswer/6062ee903bb6c0044caea00c/6062f781d8df533268f0ba94 HTTP/1.1\" 200 705 \"-\" \"PostmanRuntime/7.26.10\"\n","level":"info","timestamp":"Apr-01-2021 14:27:43"}
{"message":"\t::1 - - [01/Apr/2021:08:58:03 +0000] \"GET /quiz/question/6062f781d8df533268f0ba94 HTTP/1.1\" 200 1216 \"-\" \"PostmanRuntime/7.26.10\"\n","level":"info","timestamp":"Apr-01-2021 14:28:03"}
{"message":"\t::1 - - [01/Apr/2021:08:58:29 +0000] \"GET /user/quizAnswer/6062ee903bb6c0044caea00c/6062f781d8df533268f0ba94 HTTP/1.1\" 200 11922 \"-\" \"PostmanRuntime/7.26.10\"\n","level":"info","timestamp":"Apr-01-2021 14:28:29"}
{"message":"\t::1 - - [01/Apr/2021:08:58:48 +0000] \"GET /user/quizAnswer/6062ee903bb6c0044caea00c/6062f781d8df533268f0ba94 HTTP/1.1\" 200 11922 \"-\" \"PostmanRuntime/7.26.10\"\n","level":"info","timestamp":"Apr-01-2021 14:28:48"}
{"message":"\t::1 - - [01/Apr/2021:08:59:10 +0000] \"GET /user/quizAnswer/6062ee903bb6c0044caea00c/6062f781d8df533268f0ba94 HTTP/1.1\" 200 6632 \"-\" \"PostmanRuntime/7.26.10\"\n","level":"info","timestamp":"Apr-01-2021 14:29:10"}
{"message":"\t::1 - - [01/Apr/2021:08:59:47 +0000] \"GET /quiz/name HTTP/1.1\" 200 129 \"-\" \"PostmanRuntime/7.26.10\"\n","level":"info","timestamp":"Apr-01-2021 14:29:47"}
{"message":"\t::1 - - [01/Apr/2021:08:59:57 +0000] \"POST /user/quizAnswer/6062ee903bb6c0044caea00c/6062f77dd8df533268f0ba93 HTTP/1.1\" 200 705 \"-\" \"PostmanRuntime/7.26.10\"\n","level":"info","timestamp":"Apr-01-2021 14:29:57"}
{"message":"\t::1 - - [01/Apr/2021:09:00:10 +0000] \"GET /user/quizAnswer/6062ee903bb6c0044caea00c/6062f77dd8df533268f0ba93 HTTP/1.1\" 200 6637 \"-\" \"PostmanRuntime/7.26.10\"\n","level":"info","timestamp":"Apr-01-2021 14:30:10"}
{"message":"\t::1 - - [01/Apr/2021:09:00:34 +0000] \"GET /user/quizAnswer/6062ee903bb6c0044caea00c/6062f77dd8df533268f0ba93 HTTP/1.1\" 200 77 \"-\" \"PostmanRuntime/7.26.10\"\n","level":"info","timestamp":"Apr-01-2021 14:30:34"}
{"message":"\t::1 - - [01/Apr/2021:09:00:51 +0000] \"GET /user/quizAnswer/6062ee903bb6c0044caea00c/6062f77dd8df533268f0ba93 HTTP/1.1\" 200 1587 \"-\" \"PostmanRuntime/7.26.10\"\n","level":"info","timestamp":"Apr-01-2021 14:30:51"}
{"message":"\t::1 - - [01/Apr/2021:09:01:56 +0000] \"GET /user/quizAnswer/6062ee903bb6c0044caea00c/6062f77dd8df533268f0ba93 HTTP/1.1\" 200 6637 \"-\" \"PostmanRuntime/7.26.10\"\n","level":"info","timestamp":"Apr-01-2021 14:31:56"}
{"message":"\t::1 - - [01/Apr/2021:09:03:49 +0000] \"GET /user/quizAnswer/6062ee903bb6c0044caea00c/6062f77dd8df533268f0ba93 HTTP/1.1\" 200 1587 \"-\" \"PostmanRuntime/7.26.10\"\n","level":"info","timestamp":"Apr-01-2021 14:33:49"}
{"message":"\t::1 - - [01/Apr/2021:09:04:41 +0000] \"GET /user/quizAnswer/6062ee903bb6c0044caea00c/6062f77dd8df533268f0ba93 HTTP/1.1\" 200 2317 \"-\" \"PostmanRuntime/7.26.10\"\n","level":"info","timestamp":"Apr-01-2021 14:34:41"}
{"message":"\t::1 - - [01/Apr/2021:09:05:19 +0000] \"GET /user/quizAnswer/6062ee903bb6c0044caea00c/6062f77dd8df533268f0ba93 HTTP/1.1\" 400 99 \"-\" \"PostmanRuntime/7.26.10\"\n","level":"info","timestamp":"Apr-01-2021 14:35:19"}
{"message":"\t::1 - - [01/Apr/2021:09:05:45 +0000] \"GET /user/quizAnswer/6062ee903bb6c0044caea00c/6062f77dd8df533268f0ba93 HTTP/1.1\" 200 6637 \"-\" \"PostmanRuntime/7.26.10\"\n","level":"info","timestamp":"Apr-01-2021 14:35:45"}
{"message":"\t::1 - - [01/Apr/2021:09:06:24 +0000] \"GET /user/quizAnswer/6062ee903bb6c0044caea00c/6062f77dd8df533268f0ba93 HTTP/1.1\" 400 114 \"-\" \"PostmanRuntime/7.26.10\"\n","level":"info","timestamp":"Apr-01-2021 14:36:24"}
{"message":"\t::1 - - [01/Apr/2021:09:06:44 +0000] \"GET /user/quizAnswer/6062ee903bb6c0044caea00c/6062f77dd8df533268f0ba93 HTTP/1.1\" 200 2317 \"-\" \"PostmanRuntime/7.26.10\"\n","level":"info","timestamp":"Apr-01-2021 14:36:44"}
{"message":"\t::1 - - [01/Apr/2021:09:07:01 +0000] \"GET /user/quizAnswer/6062ee903bb6c0044caea00c/6062f77dd8df533268f0ba93 HTTP/1.1\" 200 6637 \"-\" \"PostmanRuntime/7.26.10\"\n","level":"info","timestamp":"Apr-01-2021 14:37:01"}
{"message":"\t::1 - - [01/Apr/2021:09:07:51 +0000] \"GET /user/quizAnswer/6062ee903bb6c0044caea00c/6062f77dd8df533268f0ba93 HTTP/1.1\" 400 62 \"-\" \"PostmanRuntime/7.26.10\"\n","level":"info","timestamp":"Apr-01-2021 14:37:51"}
{"message":"\t::1 - - [01/Apr/2021:09:08:16 +0000] \"GET /user/quizAnswer/6062ee903bb6c0044caea00c/6062f77dd8df533268f0ba93 HTTP/1.1\" 200 6637 \"-\" \"PostmanRuntime/7.26.10\"\n","level":"info","timestamp":"Apr-01-2021 14:38:16"}
{"message":"\t::1 - - [01/Apr/2021:09:11:14 +0000] \"GET /user/quizAnswer/6062ee903bb6c0044caea00c/6062f77dd8df533268f0ba93 HTTP/1.1\" 400 81 \"-\" \"PostmanRuntime/7.26.10\"\n","level":"info","timestamp":"Apr-01-2021 14:41:14"}
{"message":"\t::1 - - [01/Apr/2021:09:11:35 +0000] \"GET /user/quizAnswer/6062ee903bb6c0044caea00c/6062f77dd8df533268f0ba93 HTTP/1.1\" 200 1352 \"-\" \"PostmanRuntime/7.26.10\"\n","level":"info","timestamp":"Apr-01-2021 14:41:35"}
{"message":"\t::1 - - [01/Apr/2021:09:12:29 +0000] \"GET /user/quizAnswer/6062ee903bb6c0044caea00c/6062f77dd8df533268f0ba93 HTTP/1.1\" 200 3158 \"-\" \"PostmanRuntime/7.26.10\"\n","level":"info","timestamp":"Apr-01-2021 14:42:29"}
{"message":"\t::1 - - [01/Apr/2021:09:14:20 +0000] \"GET /user/quizAnswer/6062ee903bb6c0044caea00c/6062f77dd8df533268f0ba93 HTTP/1.1\" 400 106 \"-\" \"PostmanRuntime/7.26.10\"\n","level":"info","timestamp":"Apr-01-2021 14:44:20"}
{"message":"\t::1 - - [01/Apr/2021:09:15:57 +0000] \"GET /user/quizAnswer/6062ee903bb6c0044caea00c/6062f77dd8df533268f0ba93 HTTP/1.1\" 200 382 \"-\" \"PostmanRuntime/7.26.10\"\n","level":"info","timestamp":"Apr-01-2021 14:45:57"}
{"message":"\t::1 - - [01/Apr/2021:09:16:52 +0000] \"GET /user/quizAnswer/6062ee903bb6c0044caea00c/6062f77dd8df533268f0ba93 HTTP/1.1\" 200 2688 \"-\" \"PostmanRuntime/7.26.10\"\n","level":"info","timestamp":"Apr-01-2021 14:46:52"}
{"message":"\t::1 - - [01/Apr/2021:09:17:25 +0000] \"GET /user/quizAnswer/6062ee903bb6c0044caea00c/6062f77dd8df533268f0ba93 HTTP/1.1\" 200 2858 \"-\" \"PostmanRuntime/7.26.10\"\n","level":"info","timestamp":"Apr-01-2021 14:47:25"}
{"message":"\t::1 - - [01/Apr/2021:09:18:52 +0000] \"GET /user/quizAnswer/6062ee903bb6c0044caea00c/6062f77dd8df533268f0ba93 HTTP/1.1\" 200 2918 \"-\" \"PostmanRuntime/7.26.10\"\n","level":"info","timestamp":"Apr-01-2021 14:48:52"}
{"message":"\t::1 - - [01/Apr/2021:09:23:06 +0000] \"GET /user/quizAnswer/6062ee903bb6c0044caea00c/6062f77dd8df533268f0ba93 HTTP/1.1\" 200 3928 \"-\" \"PostmanRuntime/7.26.10\"\n","level":"info","timestamp":"Apr-01-2021 14:53:06"}
{"message":"\t::1 - - [01/Apr/2021:09:24:36 +0000] \"GET /user/quizAnswer/6062ee903bb6c0044caea00c/6062f77dd8df533268f0ba93 HTTP/1.1\" 200 3988 \"-\" \"PostmanRuntime/7.26.10\"\n","level":"info","timestamp":"Apr-01-2021 14:54:36"}
{"message":"\t::1 - - [01/Apr/2021:09:24:47 +0000] \"GET /user/quizAnswer/6062ee903bb6c0044caea00c/6062f77dd8df533268f0ba93 HTTP/1.1\" 200 2107 \"-\" \"PostmanRuntime/7.26.10\"\n","level":"info","timestamp":"Apr-01-2021 14:54:47"}
{"message":"\t::1 - - [01/Apr/2021:09:25:45 +0000] \"GET /user/quizAnswer/6062ee903bb6c0044caea00c/6062f77dd8df533268f0ba93 HTTP/1.1\" 200 3213 \"-\" \"PostmanRuntime/7.26.10\"\n","level":"info","timestamp":"Apr-01-2021 14:55:45"}
{"message":"\t::1 - - [01/Apr/2021:09:28:36 +0000] \"GET /user/quizAnswer/6062ee903bb6c0044caea00c/6062f77dd8df533268f0ba93 HTTP/1.1\" 200 2848 \"-\" \"PostmanRuntime/7.26.10\"\n","level":"info","timestamp":"Apr-01-2021 14:58:36"}
{"message":"\t::1 - - [01/Apr/2021:09:28:50 +0000] \"GET /user/quizAnswer/6062ee903bb6c0044caea00c/6062f77dd8df533268f0ba93 HTTP/1.1\" 200 3918 \"-\" \"PostmanRuntime/7.26.10\"\n","level":"info","timestamp":"Apr-01-2021 14:58:50"}
{"message":"\t::1 - - [01/Apr/2021:09:29:25 +0000] \"GET /user/quizAnswer/6062ee903bb6c0044caea00c/6062f77dd8df533268f0ba93 HTTP/1.1\" 200 1392 \"-\" \"PostmanRuntime/7.26.10\"\n","level":"info","timestamp":"Apr-01-2021 14:59:25"}
{"message":"\t::1 - - [01/Apr/2021:09:29:46 +0000] \"GET /user/quizAnswer/6062ee903bb6c0044caea00c/6062f77dd8df533268f0ba93 HTTP/1.1\" 400 97 \"-\" \"PostmanRuntime/7.26.10\"\n","level":"info","timestamp":"Apr-01-2021 14:59:46"}
{"message":"\t::1 - - [01/Apr/2021:09:30:17 +0000] \"GET /user/quizAnswer/6062ee903bb6c0044caea00c/6062f77dd8df533268f0ba93 HTTP/1.1\" 200 3918 \"-\" \"PostmanRuntime/7.26.10\"\n","level":"info","timestamp":"Apr-01-2021 15:00:17"}
{"message":"\t::1 - - [01/Apr/2021:09:30:49 +0000] \"GET /user/quizAnswer/6062ee903bb6c0044caea00c/6062f77dd8df533268f0ba93 HTTP/1.1\" 200 3203 \"-\" \"PostmanRuntime/7.26.10\"\n","level":"info","timestamp":"Apr-01-2021 15:00:49"}
{"message":"\t::1 - - [01/Apr/2021:09:31:07 +0000] \"GET /user/quizAnswer/6062ee903bb6c0044caea00c/6062f77dd8df533268f0ba93 HTTP/1.1\" 200 3918 \"-\" \"PostmanRuntime/7.26.10\"\n","level":"info","timestamp":"Apr-01-2021 15:01:07"}
{"message":"\t::1 - - [01/Apr/2021:09:31:33 +0000] \"GET /user/quizAnswer/6062ee903bb6c0044caea00c/6062f77dd8df533268f0ba93 HTTP/1.1\" 200 1392 \"-\" \"PostmanRuntime/7.26.10\"\n","level":"info","timestamp":"Apr-01-2021 15:01:33"}
{"message":"\t::1 - - [01/Apr/2021:09:31:49 +0000] \"GET /user/quizAnswer/6062ee903bb6c0044caea00c/6062f77dd8df533268f0ba93 HTTP/1.1\" 200 2097 \"-\" \"PostmanRuntime/7.26.10\"\n","level":"info","timestamp":"Apr-01-2021 15:01:49"}
{"message":"\t::1 - - [01/Apr/2021:09:32:34 +0000] \"GET /user/quizAnswer/6062ee903bb6c0044caea00c/6062f77dd8df533268f0ba93 HTTP/1.1\" 200 1392 \"-\" \"PostmanRuntime/7.26.10\"\n","level":"info","timestamp":"Apr-01-2021 15:02:34"}
{"message":"\t::1 - - [01/Apr/2021:09:33:02 +0000] \"GET /user/quizAnswer/6062ee903bb6c0044caea00c/6062f77dd8df533268f0ba93 HTTP/1.1\" 200 1037 \"-\" \"PostmanRuntime/7.26.10\"\n","level":"info","timestamp":"Apr-01-2021 15:03:02"}
{"message":"\t::1 - - [01/Apr/2021:09:33:13 +0000] \"GET /user/quizAnswer/6062ee903bb6c0044caea00c/6062f77dd8df533268f0ba93 HTTP/1.1\" 200 2107 \"-\" \"PostmanRuntime/7.26.10\"\n","level":"info","timestamp":"Apr-01-2021 15:03:13"}
{"message":"\t::ffff:127.0.0.1 - - [01/Apr/2021:09:33:37 +0000] \"GET /user/quizAnswer/6062ee903bb6c0044caea00c/6062f77dd8df533268f0ba93 HTTP/1.1\" 200 2492 \"-\" \"PostmanRuntime/7.26.10\"\n","level":"info","timestamp":"Apr-01-2021 15:03:37"}
{"message":"\t::1 - - [01/Apr/2021:09:35:27 +0000] \"GET /user/quizAnswer/6062ee903bb6c0044caea00c/6062f77dd8df533268f0ba93 HTTP/1.1\" 200 2542 \"-\" \"PostmanRuntime/7.26.10\"\n","level":"info","timestamp":"Apr-01-2021 15:05:27"}
{"message":"\t::1 - - [01/Apr/2021:09:36:20 +0000] \"GET /user/quizAnswer/6062ee903bb6c0044caea00c/6062f77dd8df533268f0ba93 HTTP/1.1\" 200 962 \"-\" \"PostmanRuntime/7.26.10\"\n","level":"info","timestamp":"Apr-01-2021 15:06:20"}
{"message":"\t::1 - - [01/Apr/2021:09:36:38 +0000] \"GET /user/quizAnswer/6062ee903bb6c0044caea00c/6062f77dd8df533268f0ba93 HTTP/1.1\" 200 1327 \"-\" \"PostmanRuntime/7.26.10\"\n","level":"info","timestamp":"Apr-01-2021 15:06:38"}
{"message":"\t::1 - - [01/Apr/2021:09:38:18 +0000] \"GET /user/quizAnswer/6062ee903bb6c0044caea00c/6062f77dd8df533268f0ba93 HTTP/1.1\" 200 667 \"-\" \"PostmanRuntime/7.26.10\"\n","level":"info","timestamp":"Apr-01-2021 15:08:18"}
{"message":"\t::1 - - [01/Apr/2021:09:39:10 +0000] \"GET /user/quizAnswer/6062ee903bb6c0044caea00c/6062f77dd8df533268f0ba93 HTTP/1.1\" 200 757 \"-\" \"PostmanRuntime/7.26.10\"\n","level":"info","timestamp":"Apr-01-2021 15:09:10"}
{"message":"\t::1 - - [01/Apr/2021:09:39:26 +0000] \"GET /user/quizAnswer/6062ee903bb6c0044caea00c/6062f77dd8df533268f0ba93 HTTP/1.1\" 200 757 \"-\" \"PostmanRuntime/7.26.10\"\n","level":"info","timestamp":"Apr-01-2021 15:09:26"}
{"message":"\t::1 - - [01/Apr/2021:09:39:35 +0000] \"GET /user/quizAnswer/6062ee903bb6c0044caea00c/6062f77dd8df533268f0ba93 HTTP/1.1\" 200 757 \"-\" \"PostmanRuntime/7.26.10\"\n","level":"info","timestamp":"Apr-01-2021 15:09:35"}
{"message":"\t::1 - - [01/Apr/2021:09:39:53 +0000] \"GET /user/quizAnswer/6062ee903bb6c0044caea00c/6062f77dd8df533268f0ba93 HTTP/1.1\" 200 77 \"-\" \"PostmanRuntime/7.26.10\"\n","level":"info","timestamp":"Apr-01-2021 15:09:53"}
{"message":"\t::1 - - [01/Apr/2021:09:40:07 +0000] \"GET /user/quizAnswer/6062ee903bb6c0044caea00c/6062f781d8df533268f0ba94 HTTP/1.1\" 200 77 \"-\" \"PostmanRuntime/7.26.10\"\n","level":"info","timestamp":"Apr-01-2021 15:10:07"}
{"message":"\t::1 - - [01/Apr/2021:09:40:28 +0000] \"GET /user/quizAnswer/6062ee903bb6c0044caea00c/6062f781d8df533268f0ba94 HTTP/1.1\" 200 77 \"-\" \"PostmanRuntime/7.26.10\"\n","level":"info","timestamp":"Apr-01-2021 15:10:28"}
{"message":"\t::1 - - [01/Apr/2021:09:43:26 +0000] \"POST /user/quizAnswer/6062ee903bb6c0044caea00c/6062f77dd8df533268f0ba93 HTTP/1.1\" 200 705 \"-\" \"PostmanRuntime/7.26.10\"\n","level":"info","timestamp":"Apr-01-2021 15:13:26"}
{"message":"\t::1 - - [01/Apr/2021:09:43:36 +0000] \"GET /user/quizAnswer/6062ee903bb6c0044caea00c/6062f77dd8df533268f0ba93 HTTP/1.1\" 200 77 \"-\" \"PostmanRuntime/7.26.10\"\n","level":"info","timestamp":"Apr-01-2021 15:13:36"}
